# JRE version: Java(TM) SE Runtime Environment (7.0_45-b18) (build 1.7.0_45-b18)
# Java VM: Java HotSpot(TM) Client VM (24.45-b08 mixed mode, sharing windows-x86 )
Heap
 def new generation   total 34112K, used 13035K [0x22b90000, 0x25090000, 0x280e0000)
  eden space 30336K,  42% used [0x22b90000, 0x2384adb0, 0x24930000)
  from space 3776K,   0% used [0x24930000, 0x24930000, 0x24ce0000)
  to   space 3776K,   0% used [0x24ce0000, 0x24ce0000, 0x25090000)
 tenured generation   total 75740K, used 45442K [0x280e0000, 0x2cad7000, 0x32b90000)
   the space 75740K,  59% used [0x280e0000, 0x2ad409a8, 0x2ad40a00, 0x2cad7000)
 compacting perm gen  total 12288K, used 7565K [0x32b90000, 0x33790000, 0x36b90000)
   the space 12288K,  61% used [0x32b90000, 0x332f3510, 0x332f3600, 0x33790000)
    ro space 10240K,  41% used [0x36b90000, 0x36fc1a78, 0x36fc1c00, 0x37590000)
    rw space 12288K,  52% used [0x37590000, 0x37bd62c0, 0x37bd6400, 0x38190000)
GC Heap History (10 events):
Event: 169971.104 GC heap before
{Heap before GC invocations=2867 (full 2778):
 def new generation   total 33792K, used 27222K [0x22b90000, 0x25030000, 0x280e0000)
  eden space 30080K,  90% used [0x22b90000, 0x246259a0, 0x248f0000)
  from space 3712K,   0% used [0x248f0000, 0x248f0000, 0x24c90000)
  to   space 3712K,   0% used [0x24c90000, 0x24c90000, 0x25030000)
 tenured generation   total 74944K, used 34515K [0x280e0000, 0x2ca10000, 0x32b90000)
   the space 74944K,  46% used [0x280e0000, 0x2a294d90, 0x2a294e00, 0x2ca10000)
 compacting perm gen  total 12288K, used 7565K [0x32b90000, 0x33790000, 0x36b90000)
   the space 12288K,  61% used [0x32b90000, 0x332f34a0, 0x332f3600, 0x33790000)
    ro space 10240K,  41% used [0x36b90000, 0x36fc1a78, 0x36fc1c00, 0x37590000)
    rw space 12288K,  52% used [0x37590000, 0x37bd62c0, 0x37bd6400, 0x38190000)
Event: 169971.118 GC heap after
Heap after GC invocations=2868 (full 2778):
 def new generation   total 33792K, used 11K [0x22b90000, 0x25030000, 0x280e0000)
  eden space 30080K,   0% used [0x22b90000, 0x22b90000, 0x248f0000)
  from space 3712K,   0% used [0x24c90000, 0x24c92ec0, 0x25030000)
  to   space 3712K,   0% used [0x248f0000, 0x248f0000, 0x24c90000)
 tenured generation   total 74944K, used 43515K [0x280e0000, 0x2ca10000, 0x32b90000)
   the space 74944K,  58% used [0x280e0000, 0x2ab5eda0, 0x2ab5ee00, 0x2ca10000)
 compacting perm gen  total 12288K, used 7565K [0x32b90000, 0x33790000, 0x36b90000)
   the space 12288K,  61% used [0x32b90000, 0x332f34a0, 0x332f3600, 0x33790000)
    ro space 10240K,  41% used [0x36b90000, 0x36fc1a78, 0x36fc1c00, 0x37590000)
    rw space 12288K,  52% used [0x37590000, 0x37bd62c0, 0x37bd6400, 0x38190000)
}
Event: 169971.228 GC heap before
{Heap before GC invocations=2868 (full 2778):
 def new generation   total 33792K, used 22653K [0x22b90000, 0x25030000, 0x280e0000)
  eden space 30080K,  75% used [0x22b90000, 0x241ac7f8, 0x248f0000)
  from space 3712K,   0% used [0x24c90000, 0x24c92ec0, 0x25030000)
  to   space 3712K,   0% used [0x248f0000, 0x248f0000, 0x24c90000)
 tenured generation   total 74944K, used 43515K [0x280e0000, 0x2ca10000, 0x32b90000)
   the space 74944K,  58% used [0x280e0000, 0x2ab5eda0, 0x2ab5ee00, 0x2ca10000)
 compacting perm gen  total 12288K, used 7565K [0x32b90000, 0x33790000, 0x36b90000)
   the space 12288K,  61% used [0x32b90000, 0x332f34e0, 0x332f3600, 0x33790000)
    ro space 10240K,  41% used [0x36b90000, 0x36fc1a78, 0x36fc1c00, 0x37590000)
    rw space 12288K,  52% used [0x37590000, 0x37bd62c0, 0x37bd6400, 0x38190000)
Event: 169971.246 GC heap after
Heap after GC invocations=2869 (full 2778):
 def new generation   total 33792K, used 639K [0x22b90000, 0x25030000, 0x280e0000)
  eden space 30080K,   0% used [0x22b90000, 0x22b90000, 0x248f0000)
  from space 3712K,  17% used [0x248f0000, 0x2498fc90, 0x24c90000)
  to   space 3712K,   0% used [0x24c90000, 0x24c90000, 0x25030000)
 tenured generation   total 74944K, used 56373K [0x280e0000, 0x2ca10000, 0x32b90000)
   the space 74944K,  75% used [0x280e0000, 0x2b7ed5c0, 0x2b7ed600, 0x2ca10000)
 compacting perm gen  total 12288K, used 7565K [0x32b90000, 0x33790000, 0x36b90000)
   the space 12288K,  61% used [0x32b90000, 0x332f34e0, 0x332f3600, 0x33790000)
    ro space 10240K,  41% used [0x36b90000, 0x36fc1a78, 0x36fc1c00, 0x37590000)
    rw space 12288K,  52% used [0x37590000, 0x37bd62c0, 0x37bd6400, 0x38190000)
}
Event: 169971.411 GC heap before
{Heap before GC invocations=2869 (full 2778):
 def new generation   total 33792K, used 30719K [0x22b90000, 0x25030000, 0x280e0000)
  eden space 30080K, 100% used [0x22b90000, 0x248f0000, 0x248f0000)
  from space 3712K,  17% used [0x248f0000, 0x2498fc90, 0x24c90000)
  to   space 3712K,   0% used [0x24c90000, 0x24c90000, 0x25030000)
 tenured generation   total 74944K, used 56373K [0x280e0000, 0x2ca10000, 0x32b90000)
   the space 74944K,  75% used [0x280e0000, 0x2b7ed5c0, 0x2b7ed600, 0x2ca10000)
 compacting perm gen  total 12288K, used 7565K [0x32b90000, 0x33790000, 0x36b90000)
   the space 12288K,  61% used [0x32b90000, 0x332f34e0, 0x332f3600, 0x33790000)
    ro space 10240K,  41% used [0x36b90000, 0x36fc1a78, 0x36fc1c00, 0x37590000)
    rw space 12288K,  52% used [0x37590000, 0x37bd62c0, 0x37bd6400, 0x38190000)
Event: 169971.431 GC heap after
Heap after GC invocations=2870 (full 2778):
 def new generation   total 33792K, used 653K [0x22b90000, 0x25030000, 0x280e0000)
  eden space 30080K,   0% used [0x22b90000, 0x22b90000, 0x248f0000)
  from space 3712K,  17% used [0x24c90000, 0x24d337c8, 0x25030000)
  to   space 3712K,   0% used [0x248f0000, 0x248f0000, 0x24c90000)
 tenured generation   total 74944K, used 69231K [0x280e0000, 0x2ca10000, 0x32b90000)
   the space 74944K,  92% used [0x280e0000, 0x2c47bde0, 0x2c47be00, 0x2ca10000)
 compacting perm gen  total 12288K, used 7565K [0x32b90000, 0x33790000, 0x36b90000)
   the space 12288K,  61% used [0x32b90000, 0x332f34e0, 0x332f3600, 0x33790000)
    ro space 10240K,  41% used [0x36b90000, 0x36fc1a78, 0x36fc1c00, 0x37590000)
    rw space 12288K,  52% used [0x37590000, 0x37bd62c0, 0x37bd6400, 0x38190000)
}
Event: 169982.318 GC heap before
{Heap before GC invocations=2870 (full 2778):
 def new generation   total 33792K, used 24718K [0x22b90000, 0x25030000, 0x280e0000)
  eden space 30080K,  80% used [0x22b90000, 0x243103c8, 0x248f0000)
  from space 3712K,  17% used [0x24c90000, 0x24d337c8, 0x25030000)
  to   space 3712K,   0% used [0x248f0000, 0x248f0000, 0x24c90000)
 tenured generation   total 74944K, used 69231K [0x280e0000, 0x2ca10000, 0x32b90000)
   the space 74944K,  92% used [0x280e0000, 0x2c47bde0, 0x2c47be00, 0x2ca10000)
 compacting perm gen  total 12288K, used 7565K [0x32b90000, 0x33790000, 0x36b90000)
   the space 12288K,  61% used [0x32b90000, 0x332f34e0, 0x332f3600, 0x33790000)
    ro space 10240K,  41% used [0x36b90000, 0x36fc1a78, 0x36fc1c00, 0x37590000)
    rw space 12288K,  52% used [0x37590000, 0x37bd62c0, 0x37bd6400, 0x38190000)
Event: 169982.527 GC heap after
Heap after GC invocations=2871 (full 2779):
 def new generation   total 33792K, used 0K [0x22b90000, 0x25030000, 0x280e0000)
  eden space 30080K,   0% used [0x22b90000, 0x22b90000, 0x248f0000)
  from space 3712K,   0% used [0x248f0000, 0x248f0000, 0x24c90000)
  to   space 3712K,   0% used [0x24c90000, 0x24c90000, 0x25030000)
 tenured generation   total 74944K, used 43546K [0x280e0000, 0x2ca10000, 0x32b90000)
   the space 74944K,  58% used [0x280e0000, 0x2ab66828, 0x2ab66a00, 0x2ca10000)
 compacting perm gen  total 12288K, used 7565K [0x32b90000, 0x33790000, 0x36b90000)
   the space 12288K,  61% used [0x32b90000, 0x332f34e0, 0x332f3600, 0x33790000)
    ro space 10240K,  41% used [0x36b90000, 0x36fc1a78, 0x36fc1c00, 0x37590000)
    rw space 12288K,  52% used [0x37590000, 0x37bd62c0, 0x37bd6400, 0x38190000)
}
Event: 169996.958 GC heap before
{Heap before GC invocations=2871 (full 2779):
 def new generation   total 33792K, used 20303K [0x22b90000, 0x25030000, 0x280e0000)
  eden space 30080K,  67% used [0x22b90000, 0x23f63ff8, 0x248f0000)
  from space 3712K,   0% used [0x248f0000, 0x248f0000, 0x24c90000)
  to   space 3712K,   0% used [0x24c90000, 0x24c90000, 0x25030000)
 tenured generation   total 74944K, used 43546K [0x280e0000, 0x2ca10000, 0x32b90000)
   the space 74944K,  58% used [0x280e0000, 0x2ab66828, 0x2ab66a00, 0x2ca10000)
 compacting perm gen  total 12288K, used 7565K [0x32b90000, 0x33790000, 0x36b90000)
   the space 12288K,  61% used [0x32b90000, 0x332f3540, 0x332f3600, 0x33790000)
    ro space 10240K,  41% used [0x36b90000, 0x36fc1a78, 0x36fc1c00, 0x37590000)
    rw space 12288K,  52% used [0x37590000, 0x37bd62c0, 0x37bd6400, 0x38190000)
Event: 169997.097 GC heap after
Heap after GC invocations=2872 (full 2780):
 def new generation   total 34112K, used 0K [0x22b90000, 0x25090000, 0x280e0000)
  eden space 30336K,   0% used [0x22b90000, 0x22b90000, 0x24930000)
  from space 3776K,   0% used [0x24930000, 0x24930000, 0x24ce0000)
  to   space 3776K,   0% used [0x24ce0000, 0x24ce0000, 0x25090000)
 tenured generation   total 75740K, used 45442K [0x280e0000, 0x2cad7000, 0x32b90000)
   the space 75740K,  59% used [0x280e0000, 0x2ad409a8, 0x2ad40a00, 0x2cad7000)
 compacting perm gen  total 12288K, used 7565K [0x32b90000, 0x33790000, 0x36b90000)
   the space 12288K,  61% used [0x32b90000, 0x332f34f0, 0x332f3600, 0x33790000)
    ro space 10240K,  41% used [0x36b90000, 0x36fc1a78, 0x36fc1c00, 0x37590000)
    rw space 12288K,  52% used [0x37590000, 0x37bd62c0, 0x37bd6400, 0x38190000)
}

