# JRE version: Java(TM) SE Runtime Environment (7.0_45-b18) (build 1.7.0_45-b18)
# Java VM: Java HotSpot(TM) Client VM (24.45-b08 mixed mode, sharing windows-x86 )
Heap
 def new generation   total 64256K, used 755K [0x22b90000, 0x27140000, 0x280e0000)
  eden space 57152K,   1% used [0x22b90000, 0x22c4cf48, 0x26360000)
  from space 7104K,   0% used [0x26a50000, 0x26a50000, 0x27140000)
  to   space 7104K,   0% used [0x26360000, 0x26360000, 0x26a50000)
 tenured generation   total 142564K, used 53953K [0x280e0000, 0x30c19000, 0x32b90000)
   the space 142564K,  37% used [0x280e0000, 0x2b590668, 0x2b590800, 0x30c19000)
 compacting perm gen  total 12288K, used 8114K [0x32b90000, 0x33790000, 0x36b90000)
   the space 12288K,  66% used [0x32b90000, 0x3337caa0, 0x3337cc00, 0x33790000)
    ro space 10240K,  41% used [0x36b90000, 0x36fc1a78, 0x36fc1c00, 0x37590000)
    rw space 12288K,  52% used [0x37590000, 0x37bd62c0, 0x37bd6400, 0x38190000)
GC Heap History (10 events):
Event: 132514.633 GC heap before
{Heap before GC invocations=1732 (full 1497):
 def new generation   total 64256K, used 209K [0x22b90000, 0x27140000, 0x280e0000)
  eden space 57152K,   0% used [0x22b90000, 0x22bc47d0, 0x26360000)
  from space 7104K,   0% used [0x26a50000, 0x26a50000, 0x27140000)
  to   space 7104K,   0% used [0x26360000, 0x26360000, 0x26a50000)
 tenured generation   total 142564K, used 48664K [0x280e0000, 0x30c19000, 0x32b90000)
   the space 142564K,  34% used [0x280e0000, 0x2b066148, 0x2b066200, 0x30c19000)
 compacting perm gen  total 12288K, used 7704K [0x32b90000, 0x33790000, 0x36b90000)
   the space 12288K,  62% used [0x32b90000, 0x33316268, 0x33316400, 0x33790000)
    ro space 10240K,  41% used [0x36b90000, 0x36fc1a78, 0x36fc1c00, 0x37590000)
    rw space 12288K,  52% used [0x37590000, 0x37bd62c0, 0x37bd6400, 0x38190000)
Event: 132514.795 GC heap after
Heap after GC invocations=1733 (full 1498):
 def new generation   total 64256K, used 0K [0x22b90000, 0x27140000, 0x280e0000)
  eden space 57152K,   0% used [0x22b90000, 0x22b90000, 0x26360000)
  from space 7104K,   0% used [0x26a50000, 0x26a50000, 0x27140000)
  to   space 7104K,   0% used [0x26360000, 0x26360000, 0x26a50000)
 tenured generation   total 142564K, used 48664K [0x280e0000, 0x30c19000, 0x32b90000)
   the space 142564K,  34% used [0x280e0000, 0x2b0661b8, 0x2b066200, 0x30c19000)
 compacting perm gen  total 12288K, used 7704K [0x32b90000, 0x33790000, 0x36b90000)
   the space 12288K,  62% used [0x32b90000, 0x33316268, 0x33316400, 0x33790000)
    ro space 10240K,  41% used [0x36b90000, 0x36fc1a78, 0x36fc1c00, 0x37590000)
    rw space 12288K,  52% used [0x37590000, 0x37bd62c0, 0x37bd6400, 0x38190000)
}
Event: 132635.156 GC heap before
{Heap before GC invocations=1733 (full 1498):
 def new generation   total 64256K, used 14614K [0x22b90000, 0x27140000, 0x280e0000)
  eden space 57152K,  25% used [0x22b90000, 0x239d58b8, 0x26360000)
  from space 7104K,   0% used [0x26a50000, 0x26a50000, 0x27140000)
  to   space 7104K,   0% used [0x26360000, 0x26360000, 0x26a50000)
 tenured generation   total 142564K, used 48664K [0x280e0000, 0x30c19000, 0x32b90000)
   the space 142564K,  34% used [0x280e0000, 0x2b0661b8, 0x2b066200, 0x30c19000)
 compacting perm gen  total 12288K, used 7704K [0x32b90000, 0x33790000, 0x36b90000)
   the space 12288K,  62% used [0x32b90000, 0x33316268, 0x33316400, 0x33790000)
    ro space 10240K,  41% used [0x36b90000, 0x36fc1a78, 0x36fc1c00, 0x37590000)
    rw space 12288K,  52% used [0x37590000, 0x37bd62c0, 0x37bd6400, 0x38190000)
Event: 132635.318 GC heap after
Heap after GC invocations=1734 (full 1499):
 def new generation   total 64256K, used 0K [0x22b90000, 0x27140000, 0x280e0000)
  eden space 57152K,   0% used [0x22b90000, 0x22b90000, 0x26360000)
  from space 7104K,   0% used [0x26a50000, 0x26a50000, 0x27140000)
  to   space 7104K,   0% used [0x26360000, 0x26360000, 0x26a50000)
 tenured generation   total 142564K, used 48665K [0x280e0000, 0x30c19000, 0x32b90000)
   the space 142564K,  34% used [0x280e0000, 0x2b0667d8, 0x2b066800, 0x30c19000)
 compacting perm gen  total 12288K, used 7704K [0x32b90000, 0x33790000, 0x36b90000)
   the space 12288K,  62% used [0x32b90000, 0x33316268, 0x33316400, 0x33790000)
    ro space 10240K,  41% used [0x36b90000, 0x36fc1a78, 0x36fc1c00, 0x37590000)
    rw space 12288K,  52% used [0x37590000, 0x37bd62c0, 0x37bd6400, 0x38190000)
}
Event: 132635.319 GC heap before
{Heap before GC invocations=1734 (full 1499):
 def new generation   total 64256K, used 387K [0x22b90000, 0x27140000, 0x280e0000)
  eden space 57152K,   0% used [0x22b90000, 0x22bf0c10, 0x26360000)
  from space 7104K,   0% used [0x26a50000, 0x26a50000, 0x27140000)
  to   space 7104K,   0% used [0x26360000, 0x26360000, 0x26a50000)
 tenured generation   total 142564K, used 48665K [0x280e0000, 0x30c19000, 0x32b90000)
   the space 142564K,  34% used [0x280e0000, 0x2b0667d8, 0x2b066800, 0x30c19000)
 compacting perm gen  total 12288K, used 7704K [0x32b90000, 0x33790000, 0x36b90000)
   the space 12288K,  62% used [0x32b90000, 0x33316268, 0x33316400, 0x33790000)
    ro space 10240K,  41% used [0x36b90000, 0x36fc1a78, 0x36fc1c00, 0x37590000)
    rw space 12288K,  52% used [0x37590000, 0x37bd62c0, 0x37bd6400, 0x38190000)
Event: 132635.530 GC heap after
Heap after GC invocations=1735 (full 1500):
 def new generation   total 64256K, used 0K [0x22b90000, 0x27140000, 0x280e0000)
  eden space 57152K,   0% used [0x22b90000, 0x22b90000, 0x26360000)
  from space 7104K,   0% used [0x26a50000, 0x26a50000, 0x27140000)
  to   space 7104K,   0% used [0x26360000, 0x26360000, 0x26a50000)
 tenured generation   total 142564K, used 48283K [0x280e0000, 0x30c19000, 0x32b90000)
   the space 142564K,  33% used [0x280e0000, 0x2b006ed8, 0x2b007000, 0x30c19000)
 compacting perm gen  total 12288K, used 7704K [0x32b90000, 0x33790000, 0x36b90000)
   the space 12288K,  62% used [0x32b90000, 0x33316228, 0x33316400, 0x33790000)
    ro space 10240K,  41% used [0x36b90000, 0x36fc1a78, 0x36fc1c00, 0x37590000)
    rw space 12288K,  52% used [0x37590000, 0x37bd62c0, 0x37bd6400, 0x38190000)
}
Event: 132765.144 GC heap before
{Heap before GC invocations=1735 (full 1500):
 def new generation   total 64256K, used 34046K [0x22b90000, 0x27140000, 0x280e0000)
  eden space 57152K,  59% used [0x22b90000, 0x24ccfa00, 0x26360000)
  from space 7104K,   0% used [0x26a50000, 0x26a50000, 0x27140000)
  to   space 7104K,   0% used [0x26360000, 0x26360000, 0x26a50000)
 tenured generation   total 142564K, used 48283K [0x280e0000, 0x30c19000, 0x32b90000)
   the space 142564K,  33% used [0x280e0000, 0x2b006ed8, 0x2b007000, 0x30c19000)
 compacting perm gen  total 12288K, used 8114K [0x32b90000, 0x33790000, 0x36b90000)
   the space 12288K,  66% used [0x32b90000, 0x3337caa0, 0x3337cc00, 0x33790000)
    ro space 10240K,  41% used [0x36b90000, 0x36fc1a78, 0x36fc1c00, 0x37590000)
    rw space 12288K,  52% used [0x37590000, 0x37bd62c0, 0x37bd6400, 0x38190000)
Event: 132765.334 GC heap after
Heap after GC invocations=1736 (full 1501):
 def new generation   total 64256K, used 0K [0x22b90000, 0x27140000, 0x280e0000)
  eden space 57152K,   0% used [0x22b90000, 0x22b90000, 0x26360000)
  from space 7104K,   0% used [0x26a50000, 0x26a50000, 0x27140000)
  to   space 7104K,   0% used [0x26360000, 0x26360000, 0x26a50000)
 tenured generation   total 142564K, used 53953K [0x280e0000, 0x30c19000, 0x32b90000)
   the space 142564K,  37% used [0x280e0000, 0x2b590580, 0x2b590600, 0x30c19000)
 compacting perm gen  total 12288K, used 8114K [0x32b90000, 0x33790000, 0x36b90000)
   the space 12288K,  66% used [0x32b90000, 0x3337caa0, 0x3337cc00, 0x33790000)
    ro space 10240K,  41% used [0x36b90000, 0x36fc1a78, 0x36fc1c00, 0x37590000)
    rw space 12288K,  52% used [0x37590000, 0x37bd62c0, 0x37bd6400, 0x38190000)
}
Event: 132765.350 GC heap before
{Heap before GC invocations=1736 (full 1501):
 def new generation   total 64256K, used 760K [0x22b90000, 0x27140000, 0x280e0000)
  eden space 57152K,   1% used [0x22b90000, 0x22c4e1b8, 0x26360000)
  from space 7104K,   0% used [0x26a50000, 0x26a50000, 0x27140000)
  to   space 7104K,   0% used [0x26360000, 0x26360000, 0x26a50000)
 tenured generation   total 142564K, used 53953K [0x280e0000, 0x30c19000, 0x32b90000)
   the space 142564K,  37% used [0x280e0000, 0x2b590580, 0x2b590600, 0x30c19000)
 compacting perm gen  total 12288K, used 8114K [0x32b90000, 0x33790000, 0x36b90000)
   the space 12288K,  66% used [0x32b90000, 0x3337caa0, 0x3337cc00, 0x33790000)
    ro space 10240K,  41% used [0x36b90000, 0x36fc1a78, 0x36fc1c00, 0x37590000)
    rw space 12288K,  52% used [0x37590000, 0x37bd62c0, 0x37bd6400, 0x38190000)
Event: 132765.523 GC heap after
Heap after GC invocations=1737 (full 1502):
 def new generation   total 64256K, used 0K [0x22b90000, 0x27140000, 0x280e0000)
  eden space 57152K,   0% used [0x22b90000, 0x22b90000, 0x26360000)
  from space 7104K,   0% used [0x26a50000, 0x26a50000, 0x27140000)
  to   space 7104K,   0% used [0x26360000, 0x26360000, 0x26a50000)
 tenured generation   total 142564K, used 53953K [0x280e0000, 0x30c19000, 0x32b90000)
   the space 142564K,  37% used [0x280e0000, 0x2b590668, 0x2b590800, 0x30c19000)
 compacting perm gen  total 12288K, used 8114K [0x32b90000, 0x33790000, 0x36b90000)
   the space 12288K,  66% used [0x32b90000, 0x3337caa0, 0x3337cc00, 0x33790000)
    ro space 10240K,  41% used [0x36b90000, 0x36fc1a78, 0x36fc1c00, 0x37590000)
    rw space 12288K,  52% used [0x37590000, 0x37bd62c0, 0x37bd6400, 0x38190000)
}

