# JRE version: Java(TM) SE Runtime Environment (7.0_45-b18) (build 1.7.0_45-b18)
# Java VM: Java HotSpot(TM) Client VM (24.45-b08 mixed mode, sharing windows-x86 )
Heap
 def new generation   total 42560K, used 352K [0x22b90000, 0x259b0000, 0x280e0000)
  eden space 37888K,   0% used [0x22b90000, 0x22be80e8, 0x25090000)
  from space 4672K,   0% used [0x25090000, 0x25090000, 0x25520000)
  to   space 4672K,   0% used [0x25520000, 0x25520000, 0x259b0000)
 tenured generation   total 94324K, used 40972K [0x280e0000, 0x2dcfd000, 0x32b90000)
   the space 94324K,  43% used [0x280e0000, 0x2a8e3020, 0x2a8e3200, 0x2dcfd000)
 compacting perm gen  total 12288K, used 8329K [0x32b90000, 0x33790000, 0x36b90000)
   the space 12288K,  67% used [0x32b90000, 0x333b24d8, 0x333b2600, 0x33790000)
    ro space 10240K,  41% used [0x36b90000, 0x36fc1a78, 0x36fc1c00, 0x37590000)
    rw space 12288K,  52% used [0x37590000, 0x37bd62c0, 0x37bd6400, 0x38190000)
GC Heap History (10 events):
Event: 79010.846 GC heap before
{Heap before GC invocations=1440 (full 1264):
 def new generation   total 42560K, used 265K [0x22b90000, 0x259b0000, 0x280e0000)
  eden space 37888K,   0% used [0x22b90000, 0x22bd24e0, 0x25090000)
  from space 4672K,   0% used [0x25520000, 0x25520000, 0x259b0000)
  to   space 4672K,   0% used [0x25090000, 0x25090000, 0x25520000)
 tenured generation   total 94324K, used 41191K [0x280e0000, 0x2dcfd000, 0x32b90000)
   the space 94324K,  43% used [0x280e0000, 0x2a919dd0, 0x2a919e00, 0x2dcfd000)
 compacting perm gen  total 12288K, used 8329K [0x32b90000, 0x33790000, 0x36b90000)
   the space 12288K,  67% used [0x32b90000, 0x333b24e8, 0x333b2600, 0x33790000)
    ro space 10240K,  41% used [0x36b90000, 0x36fc1a78, 0x36fc1c00, 0x37590000)
    rw space 12288K,  52% used [0x37590000, 0x37bd62c0, 0x37bd6400, 0x38190000)
Event: 79010.969 GC heap after
Heap after GC invocations=1441 (full 1265):
 def new generation   total 42560K, used 0K [0x22b90000, 0x259b0000, 0x280e0000)
  eden space 37888K,   0% used [0x22b90000, 0x22b90000, 0x25090000)
  from space 4672K,   0% used [0x25520000, 0x25520000, 0x259b0000)
  to   space 4672K,   0% used [0x25090000, 0x25090000, 0x25520000)
 tenured generation   total 94324K, used 41191K [0x280e0000, 0x2dcfd000, 0x32b90000)
   the space 94324K,  43% used [0x280e0000, 0x2a919e40, 0x2a91a000, 0x2dcfd000)
 compacting perm gen  total 12288K, used 8329K [0x32b90000, 0x33790000, 0x36b90000)
   the space 12288K,  67% used [0x32b90000, 0x333b24e8, 0x333b2600, 0x33790000)
    ro space 10240K,  41% used [0x36b90000, 0x36fc1a78, 0x36fc1c00, 0x37590000)
    rw space 12288K,  52% used [0x37590000, 0x37bd62c0, 0x37bd6400, 0x38190000)
}
Event: 79131.691 GC heap before
{Heap before GC invocations=1441 (full 1265):
 def new generation   total 42560K, used 16692K [0x22b90000, 0x259b0000, 0x280e0000)
  eden space 37888K,  44% used [0x22b90000, 0x23bdd088, 0x25090000)
  from space 4672K,   0% used [0x25520000, 0x25520000, 0x259b0000)
  to   space 4672K,   0% used [0x25090000, 0x25090000, 0x25520000)
 tenured generation   total 94324K, used 41191K [0x280e0000, 0x2dcfd000, 0x32b90000)
   the space 94324K,  43% used [0x280e0000, 0x2a919e40, 0x2a91a000, 0x2dcfd000)
 compacting perm gen  total 12288K, used 8329K [0x32b90000, 0x33790000, 0x36b90000)
   the space 12288K,  67% used [0x32b90000, 0x333b24e8, 0x333b2600, 0x33790000)
    ro space 10240K,  41% used [0x36b90000, 0x36fc1a78, 0x36fc1c00, 0x37590000)
    rw space 12288K,  52% used [0x37590000, 0x37bd62c0, 0x37bd6400, 0x38190000)
Event: 79131.876 GC heap after
Heap after GC invocations=1442 (full 1266):
 def new generation   total 42560K, used 0K [0x22b90000, 0x259b0000, 0x280e0000)
  eden space 37888K,   0% used [0x22b90000, 0x22b90000, 0x25090000)
  from space 4672K,   0% used [0x25520000, 0x25520000, 0x259b0000)
  to   space 4672K,   0% used [0x25090000, 0x25090000, 0x25520000)
 tenured generation   total 94324K, used 41434K [0x280e0000, 0x2dcfd000, 0x32b90000)
   the space 94324K,  43% used [0x280e0000, 0x2a9568c8, 0x2a956a00, 0x2dcfd000)
 compacting perm gen  total 12288K, used 8329K [0x32b90000, 0x33790000, 0x36b90000)
   the space 12288K,  67% used [0x32b90000, 0x333b24e8, 0x333b2600, 0x33790000)
    ro space 10240K,  41% used [0x36b90000, 0x36fc1a78, 0x36fc1c00, 0x37590000)
    rw space 12288K,  52% used [0x37590000, 0x37bd62c0, 0x37bd6400, 0x38190000)
}
Event: 79131.879 GC heap before
{Heap before GC invocations=1442 (full 1266):
 def new generation   total 42560K, used 278K [0x22b90000, 0x259b0000, 0x280e0000)
  eden space 37888K,   0% used [0x22b90000, 0x22bd58e8, 0x25090000)
  from space 4672K,   0% used [0x25520000, 0x25520000, 0x259b0000)
  to   space 4672K,   0% used [0x25090000, 0x25090000, 0x25520000)
 tenured generation   total 94324K, used 41434K [0x280e0000, 0x2dcfd000, 0x32b90000)
   the space 94324K,  43% used [0x280e0000, 0x2a9568c8, 0x2a956a00, 0x2dcfd000)
 compacting perm gen  total 12288K, used 8329K [0x32b90000, 0x33790000, 0x36b90000)
   the space 12288K,  67% used [0x32b90000, 0x333b24e8, 0x333b2600, 0x33790000)
    ro space 10240K,  41% used [0x36b90000, 0x36fc1a78, 0x36fc1c00, 0x37590000)
    rw space 12288K,  52% used [0x37590000, 0x37bd62c0, 0x37bd6400, 0x38190000)
Event: 79132.003 GC heap after
Heap after GC invocations=1443 (full 1267):
 def new generation   total 42560K, used 0K [0x22b90000, 0x259b0000, 0x280e0000)
  eden space 37888K,   0% used [0x22b90000, 0x22b90000, 0x25090000)
  from space 4672K,   0% used [0x25520000, 0x25520000, 0x259b0000)
  to   space 4672K,   0% used [0x25090000, 0x25090000, 0x25520000)
 tenured generation   total 94324K, used 41434K [0x280e0000, 0x2dcfd000, 0x32b90000)
   the space 94324K,  43% used [0x280e0000, 0x2a956b28, 0x2a956c00, 0x2dcfd000)
 compacting perm gen  total 12288K, used 8329K [0x32b90000, 0x33790000, 0x36b90000)
   the space 12288K,  67% used [0x32b90000, 0x333b24e8, 0x333b2600, 0x33790000)
    ro space 10240K,  41% used [0x36b90000, 0x36fc1a78, 0x36fc1c00, 0x37590000)
    rw space 12288K,  52% used [0x37590000, 0x37bd62c0, 0x37bd6400, 0x38190000)
}
Event: 79250.932 GC heap before
{Heap before GC invocations=1443 (full 1267):
 def new generation   total 42560K, used 37497K [0x22b90000, 0x259b0000, 0x280e0000)
  eden space 37888K,  98% used [0x22b90000, 0x2502e730, 0x25090000)
  from space 4672K,   0% used [0x25520000, 0x25520000, 0x259b0000)
  to   space 4672K,   0% used [0x25090000, 0x25090000, 0x25520000)
 tenured generation   total 94324K, used 41434K [0x280e0000, 0x2dcfd000, 0x32b90000)
   the space 94324K,  43% used [0x280e0000, 0x2a956b28, 0x2a956c00, 0x2dcfd000)
 compacting perm gen  total 12288K, used 8331K [0x32b90000, 0x33790000, 0x36b90000)
   the space 12288K,  67% used [0x32b90000, 0x333b2c68, 0x333b2e00, 0x33790000)
    ro space 10240K,  41% used [0x36b90000, 0x36fc1a78, 0x36fc1c00, 0x37590000)
    rw space 12288K,  52% used [0x37590000, 0x37bd62c0, 0x37bd6400, 0x38190000)
Event: 79250.943 GC heap after
Heap after GC invocations=1444 (full 1267):
 def new generation   total 42560K, used 1994K [0x22b90000, 0x259b0000, 0x280e0000)
  eden space 37888K,   0% used [0x22b90000, 0x22b90000, 0x25090000)
  from space 4672K,  42% used [0x25090000, 0x25282a98, 0x25520000)
  to   space 4672K,   0% used [0x25520000, 0x25520000, 0x259b0000)
 tenured generation   total 94324K, used 41434K [0x280e0000, 0x2dcfd000, 0x32b90000)
   the space 94324K,  43% used [0x280e0000, 0x2a956b28, 0x2a956c00, 0x2dcfd000)
 compacting perm gen  total 12288K, used 8331K [0x32b90000, 0x33790000, 0x36b90000)
   the space 12288K,  67% used [0x32b90000, 0x333b2c68, 0x333b2e00, 0x33790000)
    ro space 10240K,  41% used [0x36b90000, 0x36fc1a78, 0x36fc1c00, 0x37590000)
    rw space 12288K,  52% used [0x37590000, 0x37bd62c0, 0x37bd6400, 0x38190000)
}
Event: 79253.695 GC heap before
{Heap before GC invocations=1444 (full 1267):
 def new generation   total 42560K, used 4754K [0x22b90000, 0x259b0000, 0x280e0000)
  eden space 37888K,   7% used [0x22b90000, 0x22e41d78, 0x25090000)
  from space 4672K,  42% used [0x25090000, 0x25282a98, 0x25520000)
  to   space 4672K,   0% used [0x25520000, 0x25520000, 0x259b0000)
 tenured generation   total 94324K, used 41434K [0x280e0000, 0x2dcfd000, 0x32b90000)
   the space 94324K,  43% used [0x280e0000, 0x2a956b28, 0x2a956c00, 0x2dcfd000)
 compacting perm gen  total 12288K, used 8331K [0x32b90000, 0x33790000, 0x36b90000)
   the space 12288K,  67% used [0x32b90000, 0x333b2c68, 0x333b2e00, 0x33790000)
    ro space 10240K,  41% used [0x36b90000, 0x36fc1a78, 0x36fc1c00, 0x37590000)
    rw space 12288K,  52% used [0x37590000, 0x37bd62c0, 0x37bd6400, 0x38190000)
Event: 79253.918 GC heap after
Heap after GC invocations=1445 (full 1268):
 def new generation   total 42560K, used 0K [0x22b90000, 0x259b0000, 0x280e0000)
  eden space 37888K,   0% used [0x22b90000, 0x22b90000, 0x25090000)
  from space 4672K,   0% used [0x25090000, 0x25090000, 0x25520000)
  to   space 4672K,   0% used [0x25520000, 0x25520000, 0x259b0000)
 tenured generation   total 94324K, used 40972K [0x280e0000, 0x2dcfd000, 0x32b90000)
   the space 94324K,  43% used [0x280e0000, 0x2a8e3020, 0x2a8e3200, 0x2dcfd000)
 compacting perm gen  total 12288K, used 8329K [0x32b90000, 0x33790000, 0x36b90000)
   the space 12288K,  67% used [0x32b90000, 0x333b24d8, 0x333b2600, 0x33790000)
    ro space 10240K,  41% used [0x36b90000, 0x36fc1a78, 0x36fc1c00, 0x37590000)
    rw space 12288K,  52% used [0x37590000, 0x37bd62c0, 0x37bd6400, 0x38190000)
}

