# JRE version: Java(TM) SE Runtime Environment (7.0_45-b18) (build 1.7.0_45-b18)
# Java VM: Java HotSpot(TM) Client VM (24.45-b08 mixed mode, sharing windows-x86 )
Heap
 def new generation   total 51264K, used 13280K [0x22b90000, 0x26330000, 0x280e0000)
  eden space 45568K,  29% used [0x22b90000, 0x23888068, 0x25810000)
  from space 5696K,   0% used [0x25810000, 0x25810000, 0x25da0000)
  to   space 5696K,   0% used [0x25da0000, 0x25da0000, 0x26330000)
 tenured generation   total 113796K, used 68276K [0x280e0000, 0x2f001000, 0x32b90000)
   the space 113796K,  59% used [0x280e0000, 0x2c38d2e8, 0x2c38d400, 0x2f001000)
 compacting perm gen  total 13824K, used 13672K [0x32b90000, 0x33910000, 0x36b90000)
   the space 13824K,  98% used [0x32b90000, 0x338ea3e0, 0x338ea400, 0x33910000)
    ro space 10240K,  41% used [0x36b90000, 0x36fc1a78, 0x36fc1c00, 0x37590000)
    rw space 12288K,  52% used [0x37590000, 0x37bd62c0, 0x37bd6400, 0x38190000)
GC Heap History (10 events):
Event: 16098.798 GC heap before
{Heap before GC invocations=320 (full 199):
 def new generation   total 49664K, used 392K [0x22b90000, 0x26170000, 0x280e0000)
  eden space 44160K,   0% used [0x22b90000, 0x22bf2190, 0x256b0000)
  from space 5504K,   0% used [0x25c10000, 0x25c10000, 0x26170000)
  to   space 5504K,   0% used [0x256b0000, 0x256b0000, 0x25c10000)
 tenured generation   total 110180K, used 58817K [0x280e0000, 0x2ec79000, 0x32b90000)
   the space 110180K,  53% used [0x280e0000, 0x2ba506a8, 0x2ba50800, 0x2ec79000)
 compacting perm gen  total 13568K, used 13503K [0x32b90000, 0x338d0000, 0x36b90000)
   the space 13568K,  99% used [0x32b90000, 0x338bfdb8, 0x338bfe00, 0x338d0000)
    ro space 10240K,  41% used [0x36b90000, 0x36fc1a78, 0x36fc1c00, 0x37590000)
    rw space 12288K,  52% used [0x37590000, 0x37bd62c0, 0x37bd6400, 0x38190000)
Event: 16099.019 GC heap after
Heap after GC invocations=321 (full 200):
 def new generation   total 49664K, used 0K [0x22b90000, 0x26170000, 0x280e0000)
  eden space 44160K,   0% used [0x22b90000, 0x22b90000, 0x256b0000)
  from space 5504K,   0% used [0x25c10000, 0x25c10000, 0x26170000)
  to   space 5504K,   0% used [0x256b0000, 0x256b0000, 0x25c10000)
 tenured generation   total 110180K, used 53934K [0x280e0000, 0x2ec79000, 0x32b90000)
   the space 110180K,  48% used [0x280e0000, 0x2b58bb98, 0x2b58bc00, 0x2ec79000)
 compacting perm gen  total 13568K, used 13503K [0x32b90000, 0x338d0000, 0x36b90000)
   the space 13568K,  99% used [0x32b90000, 0x338bfda8, 0x338bfe00, 0x338d0000)
    ro space 10240K,  41% used [0x36b90000, 0x36fc1a78, 0x36fc1c00, 0x37590000)
    rw space 12288K,  52% used [0x37590000, 0x37bd62c0, 0x37bd6400, 0x38190000)
}
Event: 16220.814 GC heap before
{Heap before GC invocations=321 (full 200):
 def new generation   total 49664K, used 8683K [0x22b90000, 0x26170000, 0x280e0000)
  eden space 44160K,  19% used [0x22b90000, 0x2340adb8, 0x256b0000)
  from space 5504K,   0% used [0x25c10000, 0x25c10000, 0x26170000)
  to   space 5504K,   0% used [0x256b0000, 0x256b0000, 0x25c10000)
 tenured generation   total 110180K, used 53934K [0x280e0000, 0x2ec79000, 0x32b90000)
   the space 110180K,  48% used [0x280e0000, 0x2b58bb98, 0x2b58bc00, 0x2ec79000)
 compacting perm gen  total 13568K, used 13503K [0x32b90000, 0x338d0000, 0x36b90000)
   the space 13568K,  99% used [0x32b90000, 0x338bfda8, 0x338bfe00, 0x338d0000)
    ro space 10240K,  41% used [0x36b90000, 0x36fc1a78, 0x36fc1c00, 0x37590000)
    rw space 12288K,  52% used [0x37590000, 0x37bd62c0, 0x37bd6400, 0x38190000)
Event: 16220.989 GC heap after
Heap after GC invocations=322 (full 201):
 def new generation   total 49664K, used 0K [0x22b90000, 0x26170000, 0x280e0000)
  eden space 44160K,   0% used [0x22b90000, 0x22b90000, 0x256b0000)
  from space 5504K,   0% used [0x25c10000, 0x25c10000, 0x26170000)
  to   space 5504K,   0% used [0x256b0000, 0x256b0000, 0x25c10000)
 tenured generation   total 110180K, used 53936K [0x280e0000, 0x2ec79000, 0x32b90000)
   the space 110180K,  48% used [0x280e0000, 0x2b58c1f8, 0x2b58c200, 0x2ec79000)
 compacting perm gen  total 13568K, used 13503K [0x32b90000, 0x338d0000, 0x36b90000)
   the space 13568K,  99% used [0x32b90000, 0x338bfda8, 0x338bfe00, 0x338d0000)
    ro space 10240K,  41% used [0x36b90000, 0x36fc1a78, 0x36fc1c00, 0x37590000)
    rw space 12288K,  52% used [0x37590000, 0x37bd62c0, 0x37bd6400, 0x38190000)
}
Event: 16220.990 GC heap before
{Heap before GC invocations=322 (full 201):
 def new generation   total 49664K, used 405K [0x22b90000, 0x26170000, 0x280e0000)
  eden space 44160K,   0% used [0x22b90000, 0x22bf55c8, 0x256b0000)
  from space 5504K,   0% used [0x25c10000, 0x25c10000, 0x26170000)
  to   space 5504K,   0% used [0x256b0000, 0x256b0000, 0x25c10000)
 tenured generation   total 110180K, used 53936K [0x280e0000, 0x2ec79000, 0x32b90000)
   the space 110180K,  48% used [0x280e0000, 0x2b58c1f8, 0x2b58c200, 0x2ec79000)
 compacting perm gen  total 13568K, used 13503K [0x32b90000, 0x338d0000, 0x36b90000)
   the space 13568K,  99% used [0x32b90000, 0x338bfda8, 0x338bfe00, 0x338d0000)
    ro space 10240K,  41% used [0x36b90000, 0x36fc1a78, 0x36fc1c00, 0x37590000)
    rw space 12288K,  52% used [0x37590000, 0x37bd62c0, 0x37bd6400, 0x38190000)
Event: 16221.165 GC heap after
Heap after GC invocations=323 (full 202):
 def new generation   total 49664K, used 0K [0x22b90000, 0x26170000, 0x280e0000)
  eden space 44160K,   0% used [0x22b90000, 0x22b90000, 0x256b0000)
  from space 5504K,   0% used [0x25c10000, 0x25c10000, 0x26170000)
  to   space 5504K,   0% used [0x256b0000, 0x256b0000, 0x25c10000)
 tenured generation   total 110180K, used 53936K [0x280e0000, 0x2ec79000, 0x32b90000)
   the space 110180K,  48% used [0x280e0000, 0x2b58c310, 0x2b58c400, 0x2ec79000)
 compacting perm gen  total 13568K, used 13503K [0x32b90000, 0x338d0000, 0x36b90000)
   the space 13568K,  99% used [0x32b90000, 0x338bfda8, 0x338bfe00, 0x338d0000)
    ro space 10240K,  41% used [0x36b90000, 0x36fc1a78, 0x36fc1c00, 0x37590000)
    rw space 12288K,  52% used [0x37590000, 0x37bd62c0, 0x37bd6400, 0x38190000)
}
Event: 16273.591 GC heap before
{Heap before GC invocations=323 (full 202):
 def new generation   total 49664K, used 44160K [0x22b90000, 0x26170000, 0x280e0000)
  eden space 44160K, 100% used [0x22b90000, 0x256b0000, 0x256b0000)
  from space 5504K,   0% used [0x25c10000, 0x25c10000, 0x26170000)
  to   space 5504K,   0% used [0x256b0000, 0x256b0000, 0x25c10000)
 tenured generation   total 110180K, used 53936K [0x280e0000, 0x2ec79000, 0x32b90000)
   the space 110180K,  48% used [0x280e0000, 0x2b58c310, 0x2b58c400, 0x2ec79000)
 compacting perm gen  total 13824K, used 13610K [0x32b90000, 0x33910000, 0x36b90000)
   the space 13824K,  98% used [0x32b90000, 0x338dab08, 0x338dac00, 0x33910000)
    ro space 10240K,  41% used [0x36b90000, 0x36fc1a78, 0x36fc1c00, 0x37590000)
    rw space 12288K,  52% used [0x37590000, 0x37bd62c0, 0x37bd6400, 0x38190000)
Event: 16273.605 GC heap after
Heap after GC invocations=324 (full 202):
 def new generation   total 49664K, used 5504K [0x22b90000, 0x26170000, 0x280e0000)
  eden space 44160K,   0% used [0x22b90000, 0x22b90000, 0x256b0000)
  from space 5504K, 100% used [0x256b0000, 0x25c10000, 0x25c10000)
  to   space 5504K,   0% used [0x25c10000, 0x25c10000, 0x26170000)
 tenured generation   total 110180K, used 54455K [0x280e0000, 0x2ec79000, 0x32b90000)
   the space 110180K,  49% used [0x280e0000, 0x2b60df68, 0x2b60e000, 0x2ec79000)
 compacting perm gen  total 13824K, used 13610K [0x32b90000, 0x33910000, 0x36b90000)
   the space 13824K,  98% used [0x32b90000, 0x338dab08, 0x338dac00, 0x33910000)
    ro space 10240K,  41% used [0x36b90000, 0x36fc1a78, 0x36fc1c00, 0x37590000)
    rw space 12288K,  52% used [0x37590000, 0x37bd62c0, 0x37bd6400, 0x38190000)
}
Event: 16342.423 GC heap before
{Heap before GC invocations=324 (full 202):
 def new generation   total 49664K, used 33062K [0x22b90000, 0x26170000, 0x280e0000)
  eden space 44160K,  62% used [0x22b90000, 0x24679b40, 0x256b0000)
  from space 5504K, 100% used [0x256b0000, 0x25c10000, 0x25c10000)
  to   space 5504K,   0% used [0x25c10000, 0x25c10000, 0x26170000)
 tenured generation   total 110180K, used 54455K [0x280e0000, 0x2ec79000, 0x32b90000)
   the space 110180K,  49% used [0x280e0000, 0x2b60df68, 0x2b60e000, 0x2ec79000)
 compacting perm gen  total 13824K, used 13672K [0x32b90000, 0x33910000, 0x36b90000)
   the space 13824K,  98% used [0x32b90000, 0x338ea3e0, 0x338ea400, 0x33910000)
    ro space 10240K,  41% used [0x36b90000, 0x36fc1a78, 0x36fc1c00, 0x37590000)
    rw space 12288K,  52% used [0x37590000, 0x37bd62c0, 0x37bd6400, 0x38190000)
Event: 16342.634 GC heap after
Heap after GC invocations=325 (full 203):
 def new generation   total 51264K, used 0K [0x22b90000, 0x26330000, 0x280e0000)
  eden space 45568K,   0% used [0x22b90000, 0x22b90000, 0x25810000)
  from space 5696K,   0% used [0x25810000, 0x25810000, 0x25da0000)
  to   space 5696K,   0% used [0x25da0000, 0x25da0000, 0x26330000)
 tenured generation   total 113796K, used 68276K [0x280e0000, 0x2f001000, 0x32b90000)
   the space 113796K,  59% used [0x280e0000, 0x2c38d2e8, 0x2c38d400, 0x2f001000)
 compacting perm gen  total 13824K, used 13672K [0x32b90000, 0x33910000, 0x36b90000)
   the space 13824K,  98% used [0x32b90000, 0x338ea3e0, 0x338ea400, 0x33910000)
    ro space 10240K,  41% used [0x36b90000, 0x36fc1a78, 0x36fc1c00, 0x37590000)
    rw space 12288K,  52% used [0x37590000, 0x37bd62c0, 0x37bd6400, 0x38190000)
}

