# JRE version: Java(TM) SE Runtime Environment (7.0_45-b18) (build 1.7.0_45-b18)
# Java VM: Java HotSpot(TM) Client VM (24.45-b08 mixed mode, sharing windows-x86 )
Heap
 def new generation   total 37952K, used 14092K [0x22b90000, 0x254b0000, 0x280e0000)
  eden space 33792K,  41% used [0x22b90000, 0x239530e0, 0x24c90000)
  from space 4160K,   0% used [0x250a0000, 0x250a0000, 0x254b0000)
  to   space 4160K,   0% used [0x24c90000, 0x24c90000, 0x250a0000)
 tenured generation   total 84096K, used 22682K [0x280e0000, 0x2d300000, 0x32b90000)
   the space 84096K,  26% used [0x280e0000, 0x29706898, 0x29706a00, 0x2d300000)
 compacting perm gen  total 12288K, used 5158K [0x32b90000, 0x33790000, 0x36b90000)
   the space 12288K,  41% used [0x32b90000, 0x33099978, 0x33099a00, 0x33790000)
    ro space 10240K,  41% used [0x36b90000, 0x36fc1a78, 0x36fc1c00, 0x37590000)
    rw space 12288K,  52% used [0x37590000, 0x37bd62c0, 0x37bd6400, 0x38190000)
GC Heap History (10 events):
Event: 2733.229 GC heap before
{Heap before GC invocations=98 (full 49):
 def new generation   total 37952K, used 37952K [0x22b90000, 0x254b0000, 0x280e0000)
  eden space 33792K, 100% used [0x22b90000, 0x24c90000, 0x24c90000)
  from space 4160K, 100% used [0x250a0000, 0x254b0000, 0x254b0000)
  to   space 4160K,   0% used [0x24c90000, 0x24c90000, 0x250a0000)
 tenured generation   total 84096K, used 36722K [0x280e0000, 0x2d300000, 0x32b90000)
   the space 84096K,  43% used [0x280e0000, 0x2a4bcb20, 0x2a4bcc00, 0x2d300000)
 compacting perm gen  total 12288K, used 5158K [0x32b90000, 0x33790000, 0x36b90000)
   the space 12288K,  41% used [0x32b90000, 0x33099978, 0x33099a00, 0x33790000)
    ro space 10240K,  41% used [0x36b90000, 0x36fc1a78, 0x36fc1c00, 0x37590000)
    rw space 12288K,  52% used [0x37590000, 0x37bd62c0, 0x37bd6400, 0x38190000)
Event: 2733.247 GC heap after
Heap after GC invocations=99 (full 49):
 def new generation   total 37952K, used 1699K [0x22b90000, 0x254b0000, 0x280e0000)
  eden space 33792K,   0% used [0x22b90000, 0x22b90000, 0x24c90000)
  from space 4160K,  40% used [0x24c90000, 0x24e38ff0, 0x250a0000)
  to   space 4160K,   0% used [0x250a0000, 0x250a0000, 0x254b0000)
 tenured generation   total 84096K, used 40877K [0x280e0000, 0x2d300000, 0x32b90000)
   the space 84096K,  48% used [0x280e0000, 0x2a8cb678, 0x2a8cb800, 0x2d300000)
 compacting perm gen  total 12288K, used 5158K [0x32b90000, 0x33790000, 0x36b90000)
   the space 12288K,  41% used [0x32b90000, 0x33099978, 0x33099a00, 0x33790000)
    ro space 10240K,  41% used [0x36b90000, 0x36fc1a78, 0x36fc1c00, 0x37590000)
    rw space 12288K,  52% used [0x37590000, 0x37bd62c0, 0x37bd6400, 0x38190000)
}
Event: 2736.674 GC heap before
{Heap before GC invocations=99 (full 49):
 def new generation   total 37952K, used 35491K [0x22b90000, 0x254b0000, 0x280e0000)
  eden space 33792K, 100% used [0x22b90000, 0x24c90000, 0x24c90000)
  from space 4160K,  40% used [0x24c90000, 0x24e38ff0, 0x250a0000)
  to   space 4160K,   0% used [0x250a0000, 0x250a0000, 0x254b0000)
 tenured generation   total 84096K, used 40877K [0x280e0000, 0x2d300000, 0x32b90000)
   the space 84096K,  48% used [0x280e0000, 0x2a8cb678, 0x2a8cb800, 0x2d300000)
 compacting perm gen  total 12288K, used 5158K [0x32b90000, 0x33790000, 0x36b90000)
   the space 12288K,  41% used [0x32b90000, 0x33099978, 0x33099a00, 0x33790000)
    ro space 10240K,  41% used [0x36b90000, 0x36fc1a78, 0x36fc1c00, 0x37590000)
    rw space 12288K,  52% used [0x37590000, 0x37bd62c0, 0x37bd6400, 0x38190000)
Event: 2736.702 GC heap after
Heap after GC invocations=100 (full 49):
 def new generation   total 37952K, used 4160K [0x22b90000, 0x254b0000, 0x280e0000)
  eden space 33792K,   0% used [0x22b90000, 0x22b90000, 0x24c90000)
  from space 4160K, 100% used [0x250a0000, 0x254b0000, 0x254b0000)
  to   space 4160K,   0% used [0x24c90000, 0x24c90000, 0x250a0000)
 tenured generation   total 84096K, used 43246K [0x280e0000, 0x2d300000, 0x32b90000)
   the space 84096K,  51% used [0x280e0000, 0x2ab1ba00, 0x2ab1ba00, 0x2d300000)
 compacting perm gen  total 12288K, used 5158K [0x32b90000, 0x33790000, 0x36b90000)
   the space 12288K,  41% used [0x32b90000, 0x33099978, 0x33099a00, 0x33790000)
    ro space 10240K,  41% used [0x36b90000, 0x36fc1a78, 0x36fc1c00, 0x37590000)
    rw space 12288K,  52% used [0x37590000, 0x37bd62c0, 0x37bd6400, 0x38190000)
}
Event: 2747.118 GC heap before
{Heap before GC invocations=100 (full 49):
 def new generation   total 37952K, used 37952K [0x22b90000, 0x254b0000, 0x280e0000)
  eden space 33792K, 100% used [0x22b90000, 0x24c90000, 0x24c90000)
  from space 4160K, 100% used [0x250a0000, 0x254b0000, 0x254b0000)
  to   space 4160K,   0% used [0x24c90000, 0x24c90000, 0x250a0000)
 tenured generation   total 84096K, used 43246K [0x280e0000, 0x2d300000, 0x32b90000)
   the space 84096K,  51% used [0x280e0000, 0x2ab1ba00, 0x2ab1ba00, 0x2d300000)
 compacting perm gen  total 12288K, used 5158K [0x32b90000, 0x33790000, 0x36b90000)
   the space 12288K,  41% used [0x32b90000, 0x33099978, 0x33099a00, 0x33790000)
    ro space 10240K,  41% used [0x36b90000, 0x36fc1a78, 0x36fc1c00, 0x37590000)
    rw space 12288K,  52% used [0x37590000, 0x37bd62c0, 0x37bd6400, 0x38190000)
Event: 2747.171 GC heap after
Heap after GC invocations=101 (full 49):
 def new generation   total 37952K, used 4160K [0x22b90000, 0x254b0000, 0x280e0000)
  eden space 33792K,   0% used [0x22b90000, 0x22b90000, 0x24c90000)
  from space 4160K, 100% used [0x24c90000, 0x250a0000, 0x250a0000)
  to   space 4160K,   0% used [0x250a0000, 0x250a0000, 0x254b0000)
 tenured generation   total 84096K, used 62890K [0x280e0000, 0x2d300000, 0x32b90000)
   the space 84096K,  74% used [0x280e0000, 0x2be4a938, 0x2be4aa00, 0x2d300000)
 compacting perm gen  total 12288K, used 5158K [0x32b90000, 0x33790000, 0x36b90000)
   the space 12288K,  41% used [0x32b90000, 0x33099978, 0x33099a00, 0x33790000)
    ro space 10240K,  41% used [0x36b90000, 0x36fc1a78, 0x36fc1c00, 0x37590000)
    rw space 12288K,  52% used [0x37590000, 0x37bd62c0, 0x37bd6400, 0x38190000)
}
Event: 2748.577 GC heap before
{Heap before GC invocations=101 (full 49):
 def new generation   total 37952K, used 8994K [0x22b90000, 0x254b0000, 0x280e0000)
  eden space 33792K,  14% used [0x22b90000, 0x23048a20, 0x24c90000)
  from space 4160K, 100% used [0x24c90000, 0x250a0000, 0x250a0000)
  to   space 4160K,   0% used [0x250a0000, 0x250a0000, 0x254b0000)
 tenured generation   total 84096K, used 62890K [0x280e0000, 0x2d300000, 0x32b90000)
   the space 84096K,  74% used [0x280e0000, 0x2be4a938, 0x2be4aa00, 0x2d300000)
 compacting perm gen  total 12288K, used 5158K [0x32b90000, 0x33790000, 0x36b90000)
   the space 12288K,  41% used [0x32b90000, 0x33099978, 0x33099a00, 0x33790000)
    ro space 10240K,  41% used [0x36b90000, 0x36fc1a78, 0x36fc1c00, 0x37590000)
    rw space 12288K,  52% used [0x37590000, 0x37bd62c0, 0x37bd6400, 0x38190000)
Event: 2748.586 GC heap after
Heap after GC invocations=102 (full 49):
 def new generation   total 37952K, used 2693K [0x22b90000, 0x254b0000, 0x280e0000)
  eden space 33792K,   0% used [0x22b90000, 0x22b90000, 0x24c90000)
  from space 4160K,  64% used [0x250a0000, 0x25341480, 0x254b0000)
  to   space 4160K,   0% used [0x24c90000, 0x24c90000, 0x250a0000)
 tenured generation   total 84096K, used 63900K [0x280e0000, 0x2d300000, 0x32b90000)
   the space 84096K,  75% used [0x280e0000, 0x2bf47360, 0x2bf47400, 0x2d300000)
 compacting perm gen  total 12288K, used 5158K [0x32b90000, 0x33790000, 0x36b90000)
   the space 12288K,  41% used [0x32b90000, 0x33099978, 0x33099a00, 0x33790000)
    ro space 10240K,  41% used [0x36b90000, 0x36fc1a78, 0x36fc1c00, 0x37590000)
    rw space 12288K,  52% used [0x37590000, 0x37bd62c0, 0x37bd6400, 0x38190000)
}
Event: 2748.588 GC heap before
{Heap before GC invocations=102 (full 49):
 def new generation   total 37952K, used 2866K [0x22b90000, 0x254b0000, 0x280e0000)
  eden space 33792K,   0% used [0x22b90000, 0x22bbb3d8, 0x24c90000)
  from space 4160K,  64% used [0x250a0000, 0x25341480, 0x254b0000)
  to   space 4160K,   0% used [0x24c90000, 0x24c90000, 0x250a0000)
 tenured generation   total 84096K, used 63900K [0x280e0000, 0x2d300000, 0x32b90000)
   the space 84096K,  75% used [0x280e0000, 0x2bf47360, 0x2bf47400, 0x2d300000)
 compacting perm gen  total 12288K, used 5158K [0x32b90000, 0x33790000, 0x36b90000)
   the space 12288K,  41% used [0x32b90000, 0x33099978, 0x33099a00, 0x33790000)
    ro space 10240K,  41% used [0x36b90000, 0x36fc1a78, 0x36fc1c00, 0x37590000)
    rw space 12288K,  52% used [0x37590000, 0x37bd62c0, 0x37bd6400, 0x38190000)
Event: 2748.686 GC heap after
Heap after GC invocations=103 (full 50):
 def new generation   total 37952K, used 0K [0x22b90000, 0x254b0000, 0x280e0000)
  eden space 33792K,   0% used [0x22b90000, 0x22b90000, 0x24c90000)
  from space 4160K,   0% used [0x250a0000, 0x250a0000, 0x254b0000)
  to   space 4160K,   0% used [0x24c90000, 0x24c90000, 0x250a0000)
 tenured generation   total 84096K, used 22682K [0x280e0000, 0x2d300000, 0x32b90000)
   the space 84096K,  26% used [0x280e0000, 0x29706898, 0x29706a00, 0x2d300000)
 compacting perm gen  total 12288K, used 5158K [0x32b90000, 0x33790000, 0x36b90000)
   the space 12288K,  41% used [0x32b90000, 0x33099978, 0x33099a00, 0x33790000)
    ro space 10240K,  41% used [0x36b90000, 0x36fc1a78, 0x36fc1c00, 0x37590000)
    rw space 12288K,  52% used [0x37590000, 0x37bd62c0, 0x37bd6400, 0x38190000)
}

