# JRE version: Java(TM) SE Runtime Environment (7.0_45-b18) (build 1.7.0_45-b18)
# Java VM: Java HotSpot(TM) Client VM (24.45-b08 mixed mode, sharing windows-x86 )
Heap
 def new generation   total 76352K, used 319K [0x22b90000, 0x27e60000, 0x280e0000)
  eden space 67904K,   0% used [0x22b90000, 0x22bdff60, 0x26de0000)
  from space 8448K,   0% used [0x27620000, 0x27620000, 0x27e60000)
  to   space 8448K,   0% used [0x26de0000, 0x26de0000, 0x27620000)
 tenured generation   total 169552K, used 65712K [0x280e0000, 0x32674000, 0x32b90000)
   the space 169552K,  38% used [0x280e0000, 0x2c10c318, 0x2ba32c00, 0x32674000)
 compacting perm gen  total 12288K, used 7313K [0x32b90000, 0x33790000, 0x36b90000)
   the space 12288K,  59% used [0x32b90000, 0x332b4658, 0x332b4800, 0x33790000)
    ro space 10240K,  41% used [0x36b90000, 0x36fc1a78, 0x36fc1c00, 0x37590000)
    rw space 12288K,  52% used [0x37590000, 0x37bd62c0, 0x37bd6400, 0x38190000)
GC Heap History (10 events):
Event: 87276.007 GC heap after
Heap after GC invocations=1687 (full 1384):
 def new generation   total 76352K, used 8447K [0x22b90000, 0x27e60000, 0x280e0000)
  eden space 67904K,   0% used [0x22b90000, 0x22b90000, 0x26de0000)
  from space 8448K,  99% used [0x26de0000, 0x2761fff8, 0x27620000)
  to   space 8448K,   0% used [0x27620000, 0x27620000, 0x27e60000)
 tenured generation   total 169552K, used 112524K [0x280e0000, 0x32674000, 0x32b90000)
   the space 169552K,  66% used [0x280e0000, 0x2eec3128, 0x2eec3200, 0x32674000)
 compacting perm gen  total 12288K, used 7313K [0x32b90000, 0x33790000, 0x36b90000)
   the space 12288K,  59% used [0x32b90000, 0x332b4658, 0x332b4800, 0x33790000)
    ro space 10240K,  41% used [0x36b90000, 0x36fc1a78, 0x36fc1c00, 0x37590000)
    rw space 12288K,  52% used [0x37590000, 0x37bd62c0, 0x37bd6400, 0x38190000)
}
Event: 87295.019 GC heap before
{Heap before GC invocations=1687 (full 1384):
 def new generation   total 76352K, used 76351K [0x22b90000, 0x27e60000, 0x280e0000)
  eden space 67904K, 100% used [0x22b90000, 0x26de0000, 0x26de0000)
  from space 8448K,  99% used [0x26de0000, 0x2761fff8, 0x27620000)
  to   space 8448K,   0% used [0x27620000, 0x27620000, 0x27e60000)
 tenured generation   total 169552K, used 112524K [0x280e0000, 0x32674000, 0x32b90000)
   the space 169552K,  66% used [0x280e0000, 0x2eec3128, 0x2eec3200, 0x32674000)
 compacting perm gen  total 12288K, used 7313K [0x32b90000, 0x33790000, 0x36b90000)
   the space 12288K,  59% used [0x32b90000, 0x332b4658, 0x332b4800, 0x33790000)
    ro space 10240K,  41% used [0x36b90000, 0x36fc1a78, 0x36fc1c00, 0x37590000)
    rw space 12288K,  52% used [0x37590000, 0x37bd62c0, 0x37bd6400, 0x38190000)
Event: 87295.110 GC heap after
Heap after GC invocations=1688 (full 1384):
 def new generation   total 76352K, used 8448K [0x22b90000, 0x27e60000, 0x280e0000)
  eden space 67904K,   0% used [0x22b90000, 0x22b90000, 0x26de0000)
  from space 8448K, 100% used [0x27620000, 0x27e60000, 0x27e60000)
  to   space 8448K,   0% used [0x26de0000, 0x26de0000, 0x27620000)
 tenured generation   total 169552K, used 140211K [0x280e0000, 0x32674000, 0x32b90000)
   the space 169552K,  82% used [0x280e0000, 0x309ccd30, 0x309cce00, 0x32674000)
 compacting perm gen  total 12288K, used 7313K [0x32b90000, 0x33790000, 0x36b90000)
   the space 12288K,  59% used [0x32b90000, 0x332b4658, 0x332b4800, 0x33790000)
    ro space 10240K,  41% used [0x36b90000, 0x36fc1a78, 0x36fc1c00, 0x37590000)
    rw space 12288K,  52% used [0x37590000, 0x37bd62c0, 0x37bd6400, 0x38190000)
}
Event: 87359.727 GC heap before
{Heap before GC invocations=1688 (full 1384):
 def new generation   total 76352K, used 72336K [0x22b90000, 0x27e60000, 0x280e0000)
  eden space 67904K,  94% used [0x22b90000, 0x269f4070, 0x26de0000)
  from space 8448K, 100% used [0x27620000, 0x27e60000, 0x27e60000)
  to   space 8448K,   0% used [0x26de0000, 0x26de0000, 0x27620000)
 tenured generation   total 169552K, used 140211K [0x280e0000, 0x32674000, 0x32b90000)
   the space 169552K,  82% used [0x280e0000, 0x309ccd30, 0x309cce00, 0x32674000)
 compacting perm gen  total 12288K, used 7313K [0x32b90000, 0x33790000, 0x36b90000)
   the space 12288K,  59% used [0x32b90000, 0x332b4658, 0x332b4800, 0x33790000)
    ro space 10240K,  41% used [0x36b90000, 0x36fc1a78, 0x36fc1c00, 0x37590000)
    rw space 12288K,  52% used [0x37590000, 0x37bd62c0, 0x37bd6400, 0x38190000)
Event: 87360.041 GC heap after
Heap after GC invocations=1689 (full 1385):
 def new generation   total 76352K, used 0K [0x22b90000, 0x27e60000, 0x280e0000)
  eden space 67904K,   0% used [0x22b90000, 0x22b90000, 0x26de0000)
  from space 8448K,   0% used [0x27620000, 0x27620000, 0x27e60000)
  to   space 8448K,   0% used [0x26de0000, 0x26de0000, 0x27620000)
 tenured generation   total 169552K, used 85242K [0x280e0000, 0x32674000, 0x32b90000)
   the space 169552K,  50% used [0x280e0000, 0x2d41eba0, 0x2d41ec00, 0x32674000)
 compacting perm gen  total 12288K, used 7313K [0x32b90000, 0x33790000, 0x36b90000)
   the space 12288K,  59% used [0x32b90000, 0x332b4658, 0x332b4800, 0x33790000)
    ro space 10240K,  41% used [0x36b90000, 0x36fc1a78, 0x36fc1c00, 0x37590000)
    rw space 12288K,  52% used [0x37590000, 0x37bd62c0, 0x37bd6400, 0x38190000)
}
Event: 87360.075 GC heap before
{Heap before GC invocations=1689 (full 1385):
 def new generation   total 76352K, used 515K [0x22b90000, 0x27e60000, 0x280e0000)
  eden space 67904K,   0% used [0x22b90000, 0x22c10c98, 0x26de0000)
  from space 8448K,   0% used [0x27620000, 0x27620000, 0x27e60000)
  to   space 8448K,   0% used [0x26de0000, 0x26de0000, 0x27620000)
 tenured generation   total 169552K, used 85242K [0x280e0000, 0x32674000, 0x32b90000)
   the space 169552K,  50% used [0x280e0000, 0x2d41eba0, 0x2d41ec00, 0x32674000)
 compacting perm gen  total 12288K, used 7313K [0x32b90000, 0x33790000, 0x36b90000)
   the space 12288K,  59% used [0x32b90000, 0x332b4658, 0x332b4800, 0x33790000)
    ro space 10240K,  41% used [0x36b90000, 0x36fc1a78, 0x36fc1c00, 0x37590000)
    rw space 12288K,  52% used [0x37590000, 0x37bd62c0, 0x37bd6400, 0x38190000)
Event: 87360.254 GC heap after
Heap after GC invocations=1690 (full 1386):
 def new generation   total 76352K, used 0K [0x22b90000, 0x27e60000, 0x280e0000)
  eden space 67904K,   0% used [0x22b90000, 0x22b90000, 0x26de0000)
  from space 8448K,   0% used [0x27620000, 0x27620000, 0x27e60000)
  to   space 8448K,   0% used [0x26de0000, 0x26de0000, 0x27620000)
 tenured generation   total 169552K, used 64951K [0x280e0000, 0x32674000, 0x32b90000)
   the space 169552K,  38% used [0x280e0000, 0x2c04dcd0, 0x2c04de00, 0x32674000)
 compacting perm gen  total 12288K, used 7313K [0x32b90000, 0x33790000, 0x36b90000)
   the space 12288K,  59% used [0x32b90000, 0x332b4658, 0x332b4800, 0x33790000)
    ro space 10240K,  41% used [0x36b90000, 0x36fc1a78, 0x36fc1c00, 0x37590000)
    rw space 12288K,  52% used [0x37590000, 0x37bd62c0, 0x37bd6400, 0x38190000)
}
Event: 87480.285 GC heap before
{Heap before GC invocations=1690 (full 1386):
 def new generation   total 76352K, used 31903K [0x22b90000, 0x27e60000, 0x280e0000)
  eden space 67904K,  46% used [0x22b90000, 0x24ab7c80, 0x26de0000)
  from space 8448K,   0% used [0x27620000, 0x27620000, 0x27e60000)
  to   space 8448K,   0% used [0x26de0000, 0x26de0000, 0x27620000)
 tenured generation   total 169552K, used 64951K [0x280e0000, 0x32674000, 0x32b90000)
   the space 169552K,  38% used [0x280e0000, 0x2c04dcd0, 0x2c04de00, 0x32674000)
 compacting perm gen  total 12288K, used 7313K [0x32b90000, 0x33790000, 0x36b90000)
   the space 12288K,  59% used [0x32b90000, 0x332b4658, 0x332b4800, 0x33790000)
    ro space 10240K,  41% used [0x36b90000, 0x36fc1a78, 0x36fc1c00, 0x37590000)
    rw space 12288K,  52% used [0x37590000, 0x37bd62c0, 0x37bd6400, 0x38190000)
Event: 87480.523 GC heap after
Heap after GC invocations=1691 (full 1387):
 def new generation   total 76352K, used 0K [0x22b90000, 0x27e60000, 0x280e0000)
  eden space 67904K,   0% used [0x22b90000, 0x22b90000, 0x26de0000)
  from space 8448K,   0% used [0x27620000, 0x27620000, 0x27e60000)
  to   space 8448K,   0% used [0x26de0000, 0x26de0000, 0x27620000)
 tenured generation   total 169552K, used 65712K [0x280e0000, 0x32674000, 0x32b90000)
   the space 169552K,  38% used [0x280e0000, 0x2c10c318, 0x2c10c400, 0x32674000)
 compacting perm gen  total 12288K, used 7313K [0x32b90000, 0x33790000, 0x36b90000)
   the space 12288K,  59% used [0x32b90000, 0x332b4658, 0x332b4800, 0x33790000)
    ro space 10240K,  41% used [0x36b90000, 0x36fc1a78, 0x36fc1c00, 0x37590000)
    rw space 12288K,  52% used [0x37590000, 0x37bd62c0, 0x37bd6400, 0x38190000)
}
Event: 87480.526 GC heap before
{Heap before GC invocations=1691 (full 1387):
 def new generation   total 76352K, used 319K [0x22b90000, 0x27e60000, 0x280e0000)
  eden space 67904K,   0% used [0x22b90000, 0x22bdff60, 0x26de0000)
  from space 8448K,   0% used [0x27620000, 0x27620000, 0x27e60000)
  to   space 8448K,   0% used [0x26de0000, 0x26de0000, 0x27620000)
 tenured generation   total 169552K, used 65712K [0x280e0000, 0x32674000, 0x32b90000)
   the space 169552K,  38% used [0x280e0000, 0x2c10c318, 0x2c10c400, 0x32674000)
 compacting perm gen  total 12288K, used 7313K [0x32b90000, 0x33790000, 0x36b90000)
   the space 12288K,  59% used [0x32b90000, 0x332b4658, 0x332b4800, 0x33790000)
    ro space 10240K,  41% used [0x36b90000, 0x36fc1a78, 0x36fc1c00, 0x37590000)
    rw space 12288K,  52% used [0x37590000, 0x37bd62c0, 0x37bd6400, 0x38190000)

