# JRE version: Java(TM) SE Runtime Environment (7.0_45-b18) (build 1.7.0_45-b18)
# Java VM: Java HotSpot(TM) Client VM (24.45-b08 mixed mode, sharing windows-x86 )
Heap
 def new generation   total 62784K, used 720K [0x22b90000, 0x26fa0000, 0x280e0000)
  eden space 55872K,   1% used [0x22b90000, 0x22c442a0, 0x26220000)
  from space 6912K,   0% used [0x268e0000, 0x268e0000, 0x26fa0000)
  to   space 6912K,   0% used [0x26220000, 0x26220000, 0x268e0000)
 tenured generation   total 139308K, used 57232K [0x280e0000, 0x308eb000, 0x32b90000)
   the space 139308K,  41% used [0x280e0000, 0x2b8c40f0, 0x2b8c4200, 0x308eb000)
 compacting perm gen  total 12288K, used 7356K [0x32b90000, 0x33790000, 0x36b90000)
   the space 12288K,  59% used [0x32b90000, 0x332bf2f8, 0x332bf400, 0x33790000)
    ro space 10240K,  41% used [0x36b90000, 0x36fc1a78, 0x36fc1c00, 0x37590000)
    rw space 12288K,  52% used [0x37590000, 0x37bd62c0, 0x37bd6400, 0x38190000)
GC Heap History (10 events):
Event: 79842.327 GC heap before
{Heap before GC invocations=1432 (full 1293):
 def new generation   total 62784K, used 383K [0x22b90000, 0x26fa0000, 0x280e0000)
  eden space 55872K,   0% used [0x22b90000, 0x22befce0, 0x26220000)
  from space 6912K,   0% used [0x26220000, 0x26220000, 0x268e0000)
  to   space 6912K,   0% used [0x268e0000, 0x268e0000, 0x26fa0000)
 tenured generation   total 139308K, used 44675K [0x280e0000, 0x308eb000, 0x32b90000)
   the space 139308K,  32% used [0x280e0000, 0x2ac80e68, 0x2ac81000, 0x308eb000)
 compacting perm gen  total 12288K, used 7291K [0x32b90000, 0x33790000, 0x36b90000)
   the space 12288K,  59% used [0x32b90000, 0x332aeec8, 0x332af000, 0x33790000)
    ro space 10240K,  41% used [0x36b90000, 0x36fc1a78, 0x36fc1c00, 0x37590000)
    rw space 12288K,  52% used [0x37590000, 0x37bd62c0, 0x37bd6400, 0x38190000)
Event: 79842.484 GC heap after
Heap after GC invocations=1433 (full 1294):
 def new generation   total 62784K, used 0K [0x22b90000, 0x26fa0000, 0x280e0000)
  eden space 55872K,   0% used [0x22b90000, 0x22b90000, 0x26220000)
  from space 6912K,   0% used [0x26220000, 0x26220000, 0x268e0000)
  to   space 6912K,   0% used [0x268e0000, 0x268e0000, 0x26fa0000)
 tenured generation   total 139308K, used 44675K [0x280e0000, 0x308eb000, 0x32b90000)
   the space 139308K,  32% used [0x280e0000, 0x2ac80ed8, 0x2ac81000, 0x308eb000)
 compacting perm gen  total 12288K, used 7291K [0x32b90000, 0x33790000, 0x36b90000)
   the space 12288K,  59% used [0x32b90000, 0x332aeec8, 0x332af000, 0x33790000)
    ro space 10240K,  41% used [0x36b90000, 0x36fc1a78, 0x36fc1c00, 0x37590000)
    rw space 12288K,  52% used [0x37590000, 0x37bd62c0, 0x37bd6400, 0x38190000)
}
Event: 79962.698 GC heap before
{Heap before GC invocations=1433 (full 1294):
 def new generation   total 62784K, used 14074K [0x22b90000, 0x26fa0000, 0x280e0000)
  eden space 55872K,  25% used [0x22b90000, 0x2394eb18, 0x26220000)
  from space 6912K,   0% used [0x26220000, 0x26220000, 0x268e0000)
  to   space 6912K,   0% used [0x268e0000, 0x268e0000, 0x26fa0000)
 tenured generation   total 139308K, used 44675K [0x280e0000, 0x308eb000, 0x32b90000)
   the space 139308K,  32% used [0x280e0000, 0x2ac80ed8, 0x2ac81000, 0x308eb000)
 compacting perm gen  total 12288K, used 7291K [0x32b90000, 0x33790000, 0x36b90000)
   the space 12288K,  59% used [0x32b90000, 0x332aeec8, 0x332af000, 0x33790000)
    ro space 10240K,  41% used [0x36b90000, 0x36fc1a78, 0x36fc1c00, 0x37590000)
    rw space 12288K,  52% used [0x37590000, 0x37bd62c0, 0x37bd6400, 0x38190000)
Event: 79962.918 GC heap after
Heap after GC invocations=1434 (full 1295):
 def new generation   total 62784K, used 0K [0x22b90000, 0x26fa0000, 0x280e0000)
  eden space 55872K,   0% used [0x22b90000, 0x22b90000, 0x26220000)
  from space 6912K,   0% used [0x26220000, 0x26220000, 0x268e0000)
  to   space 6912K,   0% used [0x268e0000, 0x268e0000, 0x26fa0000)
 tenured generation   total 139308K, used 44677K [0x280e0000, 0x308eb000, 0x32b90000)
   the space 139308K,  32% used [0x280e0000, 0x2ac81490, 0x2ac81600, 0x308eb000)
 compacting perm gen  total 12288K, used 7291K [0x32b90000, 0x33790000, 0x36b90000)
   the space 12288K,  59% used [0x32b90000, 0x332aeec8, 0x332af000, 0x33790000)
    ro space 10240K,  41% used [0x36b90000, 0x36fc1a78, 0x36fc1c00, 0x37590000)
    rw space 12288K,  52% used [0x37590000, 0x37bd62c0, 0x37bd6400, 0x38190000)
}
Event: 79962.919 GC heap before
{Heap before GC invocations=1434 (full 1295):
 def new generation   total 62784K, used 383K [0x22b90000, 0x26fa0000, 0x280e0000)
  eden space 55872K,   0% used [0x22b90000, 0x22befce0, 0x26220000)
  from space 6912K,   0% used [0x26220000, 0x26220000, 0x268e0000)
  to   space 6912K,   0% used [0x268e0000, 0x268e0000, 0x26fa0000)
 tenured generation   total 139308K, used 44677K [0x280e0000, 0x308eb000, 0x32b90000)
   the space 139308K,  32% used [0x280e0000, 0x2ac81490, 0x2ac81600, 0x308eb000)
 compacting perm gen  total 12288K, used 7291K [0x32b90000, 0x33790000, 0x36b90000)
   the space 12288K,  59% used [0x32b90000, 0x332aeec8, 0x332af000, 0x33790000)
    ro space 10240K,  41% used [0x36b90000, 0x36fc1a78, 0x36fc1c00, 0x37590000)
    rw space 12288K,  52% used [0x37590000, 0x37bd62c0, 0x37bd6400, 0x38190000)
Event: 79963.077 GC heap after
Heap after GC invocations=1435 (full 1296):
 def new generation   total 62784K, used 0K [0x22b90000, 0x26fa0000, 0x280e0000)
  eden space 55872K,   0% used [0x22b90000, 0x22b90000, 0x26220000)
  from space 6912K,   0% used [0x26220000, 0x26220000, 0x268e0000)
  to   space 6912K,   0% used [0x268e0000, 0x268e0000, 0x26fa0000)
 tenured generation   total 139308K, used 44675K [0x280e0000, 0x308eb000, 0x32b90000)
   the space 139308K,  32% used [0x280e0000, 0x2ac80eb0, 0x2ac81000, 0x308eb000)
 compacting perm gen  total 12288K, used 7291K [0x32b90000, 0x33790000, 0x36b90000)
   the space 12288K,  59% used [0x32b90000, 0x332aeec8, 0x332af000, 0x33790000)
    ro space 10240K,  41% used [0x36b90000, 0x36fc1a78, 0x36fc1c00, 0x37590000)
    rw space 12288K,  52% used [0x37590000, 0x37bd62c0, 0x37bd6400, 0x38190000)
}
Event: 80078.709 GC heap before
{Heap before GC invocations=1435 (full 1296):
 def new generation   total 62784K, used 55872K [0x22b90000, 0x26fa0000, 0x280e0000)
  eden space 55872K, 100% used [0x22b90000, 0x26220000, 0x26220000)
  from space 6912K,   0% used [0x26220000, 0x26220000, 0x268e0000)
  to   space 6912K,   0% used [0x268e0000, 0x268e0000, 0x26fa0000)
 tenured generation   total 139308K, used 44675K [0x280e0000, 0x308eb000, 0x32b90000)
   the space 139308K,  32% used [0x280e0000, 0x2ac80eb0, 0x2ac81000, 0x308eb000)
 compacting perm gen  total 12288K, used 7356K [0x32b90000, 0x33790000, 0x36b90000)
   the space 12288K,  59% used [0x32b90000, 0x332bf2a8, 0x332bf400, 0x33790000)
    ro space 10240K,  41% used [0x36b90000, 0x36fc1a78, 0x36fc1c00, 0x37590000)
    rw space 12288K,  52% used [0x37590000, 0x37bd62c0, 0x37bd6400, 0x38190000)
Event: 80078.766 GC heap after
Heap after GC invocations=1436 (full 1296):
 def new generation   total 62784K, used 6912K [0x22b90000, 0x26fa0000, 0x280e0000)
  eden space 55872K,   0% used [0x22b90000, 0x22b90000, 0x26220000)
  from space 6912K, 100% used [0x268e0000, 0x26fa0000, 0x26fa0000)
  to   space 6912K,   0% used [0x26220000, 0x26220000, 0x268e0000)
 tenured generation   total 139308K, used 48372K [0x280e0000, 0x308eb000, 0x32b90000)
   the space 139308K,  34% used [0x280e0000, 0x2b01d038, 0x2b01d200, 0x308eb000)
 compacting perm gen  total 12288K, used 7356K [0x32b90000, 0x33790000, 0x36b90000)
   the space 12288K,  59% used [0x32b90000, 0x332bf2a8, 0x332bf400, 0x33790000)
    ro space 10240K,  41% used [0x36b90000, 0x36fc1a78, 0x36fc1c00, 0x37590000)
    rw space 12288K,  52% used [0x37590000, 0x37bd62c0, 0x37bd6400, 0x38190000)
}
Event: 80085.045 GC heap before
{Heap before GC invocations=1436 (full 1296):
 def new generation   total 62784K, used 13928K [0x22b90000, 0x26fa0000, 0x280e0000)
  eden space 55872K,  12% used [0x22b90000, 0x2326a2d0, 0x26220000)
  from space 6912K, 100% used [0x268e0000, 0x26fa0000, 0x26fa0000)
  to   space 6912K,   0% used [0x26220000, 0x26220000, 0x268e0000)
 tenured generation   total 139308K, used 48372K [0x280e0000, 0x308eb000, 0x32b90000)
   the space 139308K,  34% used [0x280e0000, 0x2b01d038, 0x2b01d200, 0x308eb000)
 compacting perm gen  total 12288K, used 7356K [0x32b90000, 0x33790000, 0x36b90000)
   the space 12288K,  59% used [0x32b90000, 0x332bf2f8, 0x332bf400, 0x33790000)
    ro space 10240K,  41% used [0x36b90000, 0x36fc1a78, 0x36fc1c00, 0x37590000)
    rw space 12288K,  52% used [0x37590000, 0x37bd62c0, 0x37bd6400, 0x38190000)
Event: 80085.311 GC heap after
Heap after GC invocations=1437 (full 1297):
 def new generation   total 62784K, used 0K [0x22b90000, 0x26fa0000, 0x280e0000)
  eden space 55872K,   0% used [0x22b90000, 0x22b90000, 0x26220000)
  from space 6912K,   0% used [0x268e0000, 0x268e0000, 0x26fa0000)
  to   space 6912K,   0% used [0x26220000, 0x26220000, 0x268e0000)
 tenured generation   total 139308K, used 57232K [0x280e0000, 0x308eb000, 0x32b90000)
   the space 139308K,  41% used [0x280e0000, 0x2b8c40f0, 0x2b8c4200, 0x308eb000)
 compacting perm gen  total 12288K, used 7356K [0x32b90000, 0x33790000, 0x36b90000)
   the space 12288K,  59% used [0x32b90000, 0x332bf2f8, 0x332bf400, 0x33790000)
    ro space 10240K,  41% used [0x36b90000, 0x36fc1a78, 0x36fc1c00, 0x37590000)
    rw space 12288K,  52% used [0x37590000, 0x37bd62c0, 0x37bd6400, 0x38190000)
}

