# JRE version: Java(TM) SE Runtime Environment (7.0_45-b18) (build 1.7.0_45-b18)
# Java VM: Java HotSpot(TM) Client VM (24.45-b08 mixed mode, sharing windows-x86 )
Heap
 def new generation   total 57920K, used 345K [0x22b90000, 0x26a60000, 0x280e0000)
  eden space 51520K,   0% used [0x22b90000, 0x22be64d8, 0x25de0000)
  from space 6400K,   0% used [0x26420000, 0x26420000, 0x26a60000)
  to   space 6400K,   0% used [0x25de0000, 0x25de0000, 0x26420000)
 tenured generation   total 128496K, used 48344K [0x280e0000, 0x2fe5c000, 0x32b90000)
   the space 128496K,  37% used [0x280e0000, 0x2b016288, 0x2af00000, 0x2fe5c000)
 compacting perm gen  total 12288K, used 6241K [0x32b90000, 0x33790000, 0x36b90000)
   the space 12288K,  50% used [0x32b90000, 0x331a8750, 0x331a8800, 0x33790000)
    ro space 10240K,  41% used [0x36b90000, 0x36fc1a78, 0x36fc1c00, 0x37590000)
    rw space 12288K,  52% used [0x37590000, 0x37bd62c0, 0x37bd6400, 0x38190000)
GC Heap History (10 events):
Event: 1635.658 GC heap after
Heap after GC invocations=162 (full 58):
 def new generation   total 57920K, used 6400K [0x22b90000, 0x26a60000, 0x280e0000)
  eden space 51520K,   0% used [0x22b90000, 0x22b90000, 0x25de0000)
  from space 6400K, 100% used [0x26420000, 0x26a60000, 0x26a60000)
  to   space 6400K,   0% used [0x25de0000, 0x25de0000, 0x26420000)
 tenured generation   total 128496K, used 116047K [0x280e0000, 0x2fe5c000, 0x32b90000)
   the space 128496K,  90% used [0x280e0000, 0x2f233cb8, 0x2f233e00, 0x2fe5c000)
 compacting perm gen  total 12288K, used 5721K [0x32b90000, 0x33790000, 0x36b90000)
   the space 12288K,  46% used [0x32b90000, 0x331265b0, 0x33126600, 0x33790000)
    ro space 10240K,  41% used [0x36b90000, 0x36fc1a78, 0x36fc1c00, 0x37590000)
    rw space 12288K,  52% used [0x37590000, 0x37bd62c0, 0x37bd6400, 0x38190000)
}
Event: 1645.345 GC heap before
{Heap before GC invocations=162 (full 58):
 def new generation   total 57920K, used 57920K [0x22b90000, 0x26a60000, 0x280e0000)
  eden space 51520K, 100% used [0x22b90000, 0x25de0000, 0x25de0000)
  from space 6400K, 100% used [0x26420000, 0x26a60000, 0x26a60000)
  to   space 6400K,   0% used [0x25de0000, 0x25de0000, 0x26420000)
 tenured generation   total 128496K, used 116047K [0x280e0000, 0x2fe5c000, 0x32b90000)
   the space 128496K,  90% used [0x280e0000, 0x2f233cb8, 0x2f233e00, 0x2fe5c000)
 compacting perm gen  total 12288K, used 5721K [0x32b90000, 0x33790000, 0x36b90000)
   the space 12288K,  46% used [0x32b90000, 0x331265b0, 0x33126600, 0x33790000)
    ro space 10240K,  41% used [0x36b90000, 0x36fc1a78, 0x36fc1c00, 0x37590000)
    rw space 12288K,  52% used [0x37590000, 0x37bd62c0, 0x37bd6400, 0x38190000)
Event: 1645.634 GC heap after
Heap after GC invocations=163 (full 59):
 def new generation   total 57920K, used 0K [0x22b90000, 0x26a60000, 0x280e0000)
  eden space 51520K,   0% used [0x22b90000, 0x22b90000, 0x25de0000)
  from space 6400K,   0% used [0x25de0000, 0x25de0000, 0x26420000)
  to   space 6400K,   0% used [0x26420000, 0x26420000, 0x26a60000)
 tenured generation   total 128496K, used 75124K [0x280e0000, 0x2fe5c000, 0x32b90000)
   the space 128496K,  58% used [0x280e0000, 0x2ca3d020, 0x2ca3d200, 0x2fe5c000)
 compacting perm gen  total 12288K, used 5721K [0x32b90000, 0x33790000, 0x36b90000)
   the space 12288K,  46% used [0x32b90000, 0x331265b0, 0x33126600, 0x33790000)
    ro space 10240K,  41% used [0x36b90000, 0x36fc1a78, 0x36fc1c00, 0x37590000)
    rw space 12288K,  52% used [0x37590000, 0x37bd62c0, 0x37bd6400, 0x38190000)
}
Event: 1726.419 GC heap before
{Heap before GC invocations=163 (full 59):
 def new generation   total 57920K, used 47777K [0x22b90000, 0x26a60000, 0x280e0000)
  eden space 51520K,  92% used [0x22b90000, 0x25a38570, 0x25de0000)
  from space 6400K,   0% used [0x25de0000, 0x25de0000, 0x26420000)
  to   space 6400K,   0% used [0x26420000, 0x26420000, 0x26a60000)
 tenured generation   total 128496K, used 75124K [0x280e0000, 0x2fe5c000, 0x32b90000)
   the space 128496K,  58% used [0x280e0000, 0x2ca3d020, 0x2ca3d200, 0x2fe5c000)
 compacting perm gen  total 12288K, used 5722K [0x32b90000, 0x33790000, 0x36b90000)
   the space 12288K,  46% used [0x32b90000, 0x33126a50, 0x33126c00, 0x33790000)
    ro space 10240K,  41% used [0x36b90000, 0x36fc1a78, 0x36fc1c00, 0x37590000)
    rw space 12288K,  52% used [0x37590000, 0x37bd62c0, 0x37bd6400, 0x38190000)
Event: 1726.688 GC heap after
Heap after GC invocations=164 (full 60):
 def new generation   total 57920K, used 0K [0x22b90000, 0x26a60000, 0x280e0000)
  eden space 51520K,   0% used [0x22b90000, 0x22b90000, 0x25de0000)
  from space 6400K,   0% used [0x25de0000, 0x25de0000, 0x26420000)
  to   space 6400K,   0% used [0x26420000, 0x26420000, 0x26a60000)
 tenured generation   total 128496K, used 59988K [0x280e0000, 0x2fe5c000, 0x32b90000)
   the space 128496K,  46% used [0x280e0000, 0x2bb75148, 0x2bb75200, 0x2fe5c000)
 compacting perm gen  total 12288K, used 5722K [0x32b90000, 0x33790000, 0x36b90000)
   the space 12288K,  46% used [0x32b90000, 0x33126a20, 0x33126c00, 0x33790000)
    ro space 10240K,  41% used [0x36b90000, 0x36fc1a78, 0x36fc1c00, 0x37590000)
    rw space 12288K,  52% used [0x37590000, 0x37bd62c0, 0x37bd6400, 0x38190000)
}
Event: 1726.723 GC heap before
{Heap before GC invocations=164 (full 60):
 def new generation   total 57920K, used 13287K [0x22b90000, 0x26a60000, 0x280e0000)
  eden space 51520K,  25% used [0x22b90000, 0x23889c30, 0x25de0000)
  from space 6400K,   0% used [0x25de0000, 0x25de0000, 0x26420000)
  to   space 6400K,   0% used [0x26420000, 0x26420000, 0x26a60000)
 tenured generation   total 128496K, used 59988K [0x280e0000, 0x2fe5c000, 0x32b90000)
   the space 128496K,  46% used [0x280e0000, 0x2bb75148, 0x2bb75200, 0x2fe5c000)
 compacting perm gen  total 12288K, used 5722K [0x32b90000, 0x33790000, 0x36b90000)
   the space 12288K,  46% used [0x32b90000, 0x33126a20, 0x33126c00, 0x33790000)
    ro space 10240K,  41% used [0x36b90000, 0x36fc1a78, 0x36fc1c00, 0x37590000)
    rw space 12288K,  52% used [0x37590000, 0x37bd62c0, 0x37bd6400, 0x38190000)
Event: 1726.741 GC heap after
Heap after GC invocations=165 (full 60):
 def new generation   total 57920K, used 3863K [0x22b90000, 0x26a60000, 0x280e0000)
  eden space 51520K,   0% used [0x22b90000, 0x22b90000, 0x25de0000)
  from space 6400K,  60% used [0x26420000, 0x267e5cb8, 0x26a60000)
  to   space 6400K,   0% used [0x25de0000, 0x25de0000, 0x26420000)
 tenured generation   total 128496K, used 68988K [0x280e0000, 0x2fe5c000, 0x32b90000)
   the space 128496K,  53% used [0x280e0000, 0x2c43f158, 0x2c43f200, 0x2fe5c000)
 compacting perm gen  total 12288K, used 5722K [0x32b90000, 0x33790000, 0x36b90000)
   the space 12288K,  46% used [0x32b90000, 0x33126a20, 0x33126c00, 0x33790000)
    ro space 10240K,  41% used [0x36b90000, 0x36fc1a78, 0x36fc1c00, 0x37590000)
    rw space 12288K,  52% used [0x37590000, 0x37bd62c0, 0x37bd6400, 0x38190000)
}
Event: 1851.384 GC heap before
{Heap before GC invocations=165 (full 60):
 def new generation   total 57920K, used 51117K [0x22b90000, 0x26a60000, 0x280e0000)
  eden space 51520K,  91% used [0x22b90000, 0x259b5a98, 0x25de0000)
  from space 6400K,  60% used [0x26420000, 0x267e5cb8, 0x26a60000)
  to   space 6400K,   0% used [0x25de0000, 0x25de0000, 0x26420000)
 tenured generation   total 128496K, used 68988K [0x280e0000, 0x2fe5c000, 0x32b90000)
   the space 128496K,  53% used [0x280e0000, 0x2c43f158, 0x2c43f200, 0x2fe5c000)
 compacting perm gen  total 12288K, used 6241K [0x32b90000, 0x33790000, 0x36b90000)
   the space 12288K,  50% used [0x32b90000, 0x331a8750, 0x331a8800, 0x33790000)
    ro space 10240K,  41% used [0x36b90000, 0x36fc1a78, 0x36fc1c00, 0x37590000)
    rw space 12288K,  52% used [0x37590000, 0x37bd62c0, 0x37bd6400, 0x38190000)
Event: 1851.588 GC heap after
Heap after GC invocations=166 (full 61):
 def new generation   total 57920K, used 0K [0x22b90000, 0x26a60000, 0x280e0000)
  eden space 51520K,   0% used [0x22b90000, 0x22b90000, 0x25de0000)
  from space 6400K,   0% used [0x26420000, 0x26420000, 0x26a60000)
  to   space 6400K,   0% used [0x25de0000, 0x25de0000, 0x26420000)
 tenured generation   total 128496K, used 48344K [0x280e0000, 0x2fe5c000, 0x32b90000)
   the space 128496K,  37% used [0x280e0000, 0x2b016288, 0x2b016400, 0x2fe5c000)
 compacting perm gen  total 12288K, used 6241K [0x32b90000, 0x33790000, 0x36b90000)
   the space 12288K,  50% used [0x32b90000, 0x331a8750, 0x331a8800, 0x33790000)
    ro space 10240K,  41% used [0x36b90000, 0x36fc1a78, 0x36fc1c00, 0x37590000)
    rw space 12288K,  52% used [0x37590000, 0x37bd62c0, 0x37bd6400, 0x38190000)
}
Event: 1851.593 GC heap before
{Heap before GC invocations=166 (full 61):
 def new generation   total 57920K, used 345K [0x22b90000, 0x26a60000, 0x280e0000)
  eden space 51520K,   0% used [0x22b90000, 0x22be64d8, 0x25de0000)
  from space 6400K,   0% used [0x26420000, 0x26420000, 0x26a60000)
  to   space 6400K,   0% used [0x25de0000, 0x25de0000, 0x26420000)
 tenured generation   total 128496K, used 48344K [0x280e0000, 0x2fe5c000, 0x32b90000)
   the space 128496K,  37% used [0x280e0000, 0x2b016288, 0x2b016400, 0x2fe5c000)
 compacting perm gen  total 12288K, used 6241K [0x32b90000, 0x33790000, 0x36b90000)
   the space 12288K,  50% used [0x32b90000, 0x331a8750, 0x331a8800, 0x33790000)
    ro space 10240K,  41% used [0x36b90000, 0x36fc1a78, 0x36fc1c00, 0x37590000)
    rw space 12288K,  52% used [0x37590000, 0x37bd62c0, 0x37bd6400, 0x38190000)

