# JRE version: Java(TM) SE Runtime Environment (7.0_45-b18) (build 1.7.0_45-b18)
# Java VM: Java HotSpot(TM) Client VM (24.45-b08 mixed mode, sharing windows-x86 )
Heap
 def new generation   total 39680K, used 254K [0x22b90000, 0x25690000, 0x280e0000)
  eden space 35328K,   0% used [0x22b90000, 0x22bcfb78, 0x24e10000)
  from space 4352K,   0% used [0x25250000, 0x25250000, 0x25690000)
  to   space 4352K,   0% used [0x24e10000, 0x24e10000, 0x25250000)
 tenured generation   total 87908K, used 34676K [0x280e0000, 0x2d6b9000, 0x32b90000)
   the space 87908K,  39% used [0x280e0000, 0x2a2bd020, 0x2a2bd200, 0x2d6b9000)
 compacting perm gen  total 12288K, used 5716K [0x32b90000, 0x33790000, 0x36b90000)
   the space 12288K,  46% used [0x32b90000, 0x331252b0, 0x33125400, 0x33790000)
    ro space 10240K,  41% used [0x36b90000, 0x36fc1a78, 0x36fc1c00, 0x37590000)
    rw space 12288K,  52% used [0x37590000, 0x37bd62c0, 0x37bd6400, 0x38190000)
GC Heap History (10 events):
Event: 482.927 GC heap before
{Heap before GC invocations=52 (full 21):
 def new generation   total 39680K, used 355K [0x22b90000, 0x25690000, 0x280e0000)
  eden space 35328K,   1% used [0x22b90000, 0x22be8f78, 0x24e10000)
  from space 4352K,   0% used [0x24e10000, 0x24e10000, 0x25250000)
  to   space 4352K,   0% used [0x25250000, 0x25250000, 0x25690000)
 tenured generation   total 87908K, used 31576K [0x280e0000, 0x2d6b9000, 0x32b90000)
   the space 87908K,  35% used [0x280e0000, 0x29fb60e8, 0x29fb6200, 0x2d6b9000)
 compacting perm gen  total 12288K, used 5002K [0x32b90000, 0x33790000, 0x36b90000)
   the space 12288K,  40% used [0x32b90000, 0x33072888, 0x33072a00, 0x33790000)
    ro space 10240K,  41% used [0x36b90000, 0x36fc1a78, 0x36fc1c00, 0x37590000)
    rw space 12288K,  52% used [0x37590000, 0x37bd62c0, 0x37bd6400, 0x38190000)
Event: 483.020 GC heap after
Heap after GC invocations=53 (full 22):
 def new generation   total 39680K, used 0K [0x22b90000, 0x25690000, 0x280e0000)
  eden space 35328K,   0% used [0x22b90000, 0x22b90000, 0x24e10000)
  from space 4352K,   0% used [0x24e10000, 0x24e10000, 0x25250000)
  to   space 4352K,   0% used [0x25250000, 0x25250000, 0x25690000)
 tenured generation   total 87908K, used 31586K [0x280e0000, 0x2d6b9000, 0x32b90000)
   the space 87908K,  35% used [0x280e0000, 0x29fb8bc0, 0x29fb8c00, 0x2d6b9000)
 compacting perm gen  total 12288K, used 5002K [0x32b90000, 0x33790000, 0x36b90000)
   the space 12288K,  40% used [0x32b90000, 0x33072888, 0x33072a00, 0x33790000)
    ro space 10240K,  41% used [0x36b90000, 0x36fc1a78, 0x36fc1c00, 0x37590000)
    rw space 12288K,  52% used [0x37590000, 0x37bd62c0, 0x37bd6400, 0x38190000)
}
Event: 526.404 GC heap before
{Heap before GC invocations=53 (full 22):
 def new generation   total 39680K, used 35328K [0x22b90000, 0x25690000, 0x280e0000)
  eden space 35328K, 100% used [0x22b90000, 0x24e10000, 0x24e10000)
  from space 4352K,   0% used [0x24e10000, 0x24e10000, 0x25250000)
  to   space 4352K,   0% used [0x25250000, 0x25250000, 0x25690000)
 tenured generation   total 87908K, used 31586K [0x280e0000, 0x2d6b9000, 0x32b90000)
   the space 87908K,  35% used [0x280e0000, 0x29fb8bc0, 0x29fb8c00, 0x2d6b9000)
 compacting perm gen  total 12288K, used 5402K [0x32b90000, 0x33790000, 0x36b90000)
   the space 12288K,  43% used [0x32b90000, 0x330d6800, 0x330d6800, 0x33790000)
    ro space 10240K,  41% used [0x36b90000, 0x36fc1a78, 0x36fc1c00, 0x37590000)
    rw space 12288K,  52% used [0x37590000, 0x37bd62c0, 0x37bd6400, 0x38190000)
Event: 526.419 GC heap after
Heap after GC invocations=54 (full 22):
 def new generation   total 39680K, used 1289K [0x22b90000, 0x25690000, 0x280e0000)
  eden space 35328K,   0% used [0x22b90000, 0x22b90000, 0x24e10000)
  from space 4352K,  29% used [0x25250000, 0x25392698, 0x25690000)
  to   space 4352K,   0% used [0x24e10000, 0x24e10000, 0x25250000)
 tenured generation   total 87908K, used 35444K [0x280e0000, 0x2d6b9000, 0x32b90000)
   the space 87908K,  40% used [0x280e0000, 0x2a37d3d0, 0x2a37d400, 0x2d6b9000)
 compacting perm gen  total 12288K, used 5402K [0x32b90000, 0x33790000, 0x36b90000)
   the space 12288K,  43% used [0x32b90000, 0x330d6800, 0x330d6800, 0x33790000)
    ro space 10240K,  41% used [0x36b90000, 0x36fc1a78, 0x36fc1c00, 0x37590000)
    rw space 12288K,  52% used [0x37590000, 0x37bd62c0, 0x37bd6400, 0x38190000)
}
Event: 603.232 GC heap before
{Heap before GC invocations=54 (full 22):
 def new generation   total 39680K, used 24761K [0x22b90000, 0x25690000, 0x280e0000)
  eden space 35328K,  66% used [0x22b90000, 0x2427c040, 0x24e10000)
  from space 4352K,  29% used [0x25250000, 0x25392698, 0x25690000)
  to   space 4352K,   0% used [0x24e10000, 0x24e10000, 0x25250000)
 tenured generation   total 87908K, used 35444K [0x280e0000, 0x2d6b9000, 0x32b90000)
   the space 87908K,  40% used [0x280e0000, 0x2a37d3d0, 0x2a37d400, 0x2d6b9000)
 compacting perm gen  total 12288K, used 5402K [0x32b90000, 0x33790000, 0x36b90000)
   the space 12288K,  43% used [0x32b90000, 0x330d6950, 0x330d6a00, 0x33790000)
    ro space 10240K,  41% used [0x36b90000, 0x36fc1a78, 0x36fc1c00, 0x37590000)
    rw space 12288K,  52% used [0x37590000, 0x37bd62c0, 0x37bd6400, 0x38190000)
Event: 603.402 GC heap after
Heap after GC invocations=55 (full 23):
 def new generation   total 39680K, used 0K [0x22b90000, 0x25690000, 0x280e0000)
  eden space 35328K,   0% used [0x22b90000, 0x22b90000, 0x24e10000)
  from space 4352K,   0% used [0x25250000, 0x25250000, 0x25690000)
  to   space 4352K,   0% used [0x24e10000, 0x24e10000, 0x25250000)
 tenured generation   total 87908K, used 32398K [0x280e0000, 0x2d6b9000, 0x32b90000)
   the space 87908K,  36% used [0x280e0000, 0x2a0838c0, 0x2a083a00, 0x2d6b9000)
 compacting perm gen  total 12288K, used 5402K [0x32b90000, 0x33790000, 0x36b90000)
   the space 12288K,  43% used [0x32b90000, 0x330d6950, 0x330d6a00, 0x33790000)
    ro space 10240K,  41% used [0x36b90000, 0x36fc1a78, 0x36fc1c00, 0x37590000)
    rw space 12288K,  52% used [0x37590000, 0x37bd62c0, 0x37bd6400, 0x38190000)
}
Event: 603.405 GC heap before
{Heap before GC invocations=55 (full 23):
 def new generation   total 39680K, used 393K [0x22b90000, 0x25690000, 0x280e0000)
  eden space 35328K,   1% used [0x22b90000, 0x22bf2548, 0x24e10000)
  from space 4352K,   0% used [0x25250000, 0x25250000, 0x25690000)
  to   space 4352K,   0% used [0x24e10000, 0x24e10000, 0x25250000)
 tenured generation   total 87908K, used 32398K [0x280e0000, 0x2d6b9000, 0x32b90000)
   the space 87908K,  36% used [0x280e0000, 0x2a0838c0, 0x2a083a00, 0x2d6b9000)
 compacting perm gen  total 12288K, used 5402K [0x32b90000, 0x33790000, 0x36b90000)
   the space 12288K,  43% used [0x32b90000, 0x330d6950, 0x330d6a00, 0x33790000)
    ro space 10240K,  41% used [0x36b90000, 0x36fc1a78, 0x36fc1c00, 0x37590000)
    rw space 12288K,  52% used [0x37590000, 0x37bd62c0, 0x37bd6400, 0x38190000)
Event: 603.530 GC heap after
Heap after GC invocations=56 (full 24):
 def new generation   total 39680K, used 0K [0x22b90000, 0x25690000, 0x280e0000)
  eden space 35328K,   0% used [0x22b90000, 0x22b90000, 0x24e10000)
  from space 4352K,   0% used [0x25250000, 0x25250000, 0x25690000)
  to   space 4352K,   0% used [0x24e10000, 0x24e10000, 0x25250000)
 tenured generation   total 87908K, used 27780K [0x280e0000, 0x2d6b9000, 0x32b90000)
   the space 87908K,  31% used [0x280e0000, 0x29c010e8, 0x29c01200, 0x2d6b9000)
 compacting perm gen  total 12288K, used 5401K [0x32b90000, 0x33790000, 0x36b90000)
   the space 12288K,  43% used [0x32b90000, 0x330d6500, 0x330d6600, 0x33790000)
    ro space 10240K,  41% used [0x36b90000, 0x36fc1a78, 0x36fc1c00, 0x37590000)
    rw space 12288K,  52% used [0x37590000, 0x37bd62c0, 0x37bd6400, 0x38190000)
}
Event: 724.909 GC heap before
{Heap before GC invocations=56 (full 24):
 def new generation   total 39680K, used 24783K [0x22b90000, 0x25690000, 0x280e0000)
  eden space 35328K,  70% used [0x22b90000, 0x243c3ce8, 0x24e10000)
  from space 4352K,   0% used [0x25250000, 0x25250000, 0x25690000)
  to   space 4352K,   0% used [0x24e10000, 0x24e10000, 0x25250000)
 tenured generation   total 87908K, used 27780K [0x280e0000, 0x2d6b9000, 0x32b90000)
   the space 87908K,  31% used [0x280e0000, 0x29c010e8, 0x29c01200, 0x2d6b9000)
 compacting perm gen  total 12288K, used 5716K [0x32b90000, 0x33790000, 0x36b90000)
   the space 12288K,  46% used [0x32b90000, 0x331252b0, 0x33125400, 0x33790000)
    ro space 10240K,  41% used [0x36b90000, 0x36fc1a78, 0x36fc1c00, 0x37590000)
    rw space 12288K,  52% used [0x37590000, 0x37bd62c0, 0x37bd6400, 0x38190000)
Event: 725.081 GC heap after
Heap after GC invocations=57 (full 25):
 def new generation   total 39680K, used 0K [0x22b90000, 0x25690000, 0x280e0000)
  eden space 35328K,   0% used [0x22b90000, 0x22b90000, 0x24e10000)
  from space 4352K,   0% used [0x25250000, 0x25250000, 0x25690000)
  to   space 4352K,   0% used [0x24e10000, 0x24e10000, 0x25250000)
 tenured generation   total 87908K, used 34676K [0x280e0000, 0x2d6b9000, 0x32b90000)
   the space 87908K,  39% used [0x280e0000, 0x2a2bd020, 0x2a2bd200, 0x2d6b9000)
 compacting perm gen  total 12288K, used 5716K [0x32b90000, 0x33790000, 0x36b90000)
   the space 12288K,  46% used [0x32b90000, 0x331252b0, 0x33125400, 0x33790000)
    ro space 10240K,  41% used [0x36b90000, 0x36fc1a78, 0x36fc1c00, 0x37590000)
    rw space 12288K,  52% used [0x37590000, 0x37bd62c0, 0x37bd6400, 0x38190000)
}

