# JRE version: Java(TM) SE Runtime Environment (7.0_45-b18) (build 1.7.0_45-b18)
# Java VM: Java HotSpot(TM) Client VM (24.45-b08 mixed mode, sharing windows-x86 )
Heap
 def new generation   total 27712K, used 658K [0x22b90000, 0x249a0000, 0x280e0000)
  eden space 24640K,   2% used [0x22b90000, 0x22c34b90, 0x243a0000)
  from space 3072K,   0% used [0x243a0000, 0x243a0000, 0x246a0000)
  to   space 3072K,   0% used [0x246a0000, 0x246a0000, 0x249a0000)
 tenured generation   total 61472K, used 29983K [0x280e0000, 0x2bce8000, 0x32b90000)
   the space 61472K,  48% used [0x280e0000, 0x29e27c08, 0x29e27e00, 0x2bce8000)
 compacting perm gen  total 12288K, used 6811K [0x32b90000, 0x33790000, 0x36b90000)
   the space 12288K,  55% used [0x32b90000, 0x33236fe0, 0x33237000, 0x33790000)
    ro space 10240K,  41% used [0x36b90000, 0x36fc1a78, 0x36fc1c00, 0x37590000)
    rw space 12288K,  52% used [0x37590000, 0x37bd62c0, 0x37bd6400, 0x38190000)
GC Heap History (10 events):
Event: 78081.660 GC heap before
{Heap before GC invocations=1449 (full 1262):
 def new generation   total 27712K, used 25943K [0x22b90000, 0x249a0000, 0x280e0000)
  eden space 24640K, 100% used [0x22b90000, 0x243a0000, 0x243a0000)
  from space 3072K,  42% used [0x243a0000, 0x244e5e30, 0x246a0000)
  to   space 3072K,   0% used [0x246a0000, 0x246a0000, 0x249a0000)
 tenured generation   total 61472K, used 19736K [0x280e0000, 0x2bce8000, 0x32b90000)
   the space 61472K,  32% used [0x280e0000, 0x29426198, 0x29426200, 0x2bce8000)
 compacting perm gen  total 12288K, used 6808K [0x32b90000, 0x33790000, 0x36b90000)
   the space 12288K,  55% used [0x32b90000, 0x33236358, 0x33236400, 0x33790000)
    ro space 10240K,  41% used [0x36b90000, 0x36fc1a78, 0x36fc1c00, 0x37590000)
    rw space 12288K,  52% used [0x37590000, 0x37bd62c0, 0x37bd6400, 0x38190000)
Event: 78081.678 GC heap after
Heap after GC invocations=1450 (full 1262):
 def new generation   total 27712K, used 3052K [0x22b90000, 0x249a0000, 0x280e0000)
  eden space 24640K,   0% used [0x22b90000, 0x22b90000, 0x243a0000)
  from space 3072K,  99% used [0x246a0000, 0x2499b0e0, 0x249a0000)
  to   space 3072K,   0% used [0x243a0000, 0x243a0000, 0x246a0000)
 tenured generation   total 61472K, used 19736K [0x280e0000, 0x2bce8000, 0x32b90000)
   the space 61472K,  32% used [0x280e0000, 0x29426198, 0x29426200, 0x2bce8000)
 compacting perm gen  total 12288K, used 6808K [0x32b90000, 0x33790000, 0x36b90000)
   the space 12288K,  55% used [0x32b90000, 0x33236358, 0x33236400, 0x33790000)
    ro space 10240K,  41% used [0x36b90000, 0x36fc1a78, 0x36fc1c00, 0x37590000)
    rw space 12288K,  52% used [0x37590000, 0x37bd62c0, 0x37bd6400, 0x38190000)
}
Event: 78081.869 GC heap before
{Heap before GC invocations=1450 (full 1262):
 def new generation   total 27712K, used 27692K [0x22b90000, 0x249a0000, 0x280e0000)
  eden space 24640K, 100% used [0x22b90000, 0x243a0000, 0x243a0000)
  from space 3072K,  99% used [0x246a0000, 0x2499b0e0, 0x249a0000)
  to   space 3072K,   0% used [0x243a0000, 0x243a0000, 0x246a0000)
 tenured generation   total 61472K, used 19736K [0x280e0000, 0x2bce8000, 0x32b90000)
   the space 61472K,  32% used [0x280e0000, 0x29426198, 0x29426200, 0x2bce8000)
 compacting perm gen  total 12288K, used 6808K [0x32b90000, 0x33790000, 0x36b90000)
   the space 12288K,  55% used [0x32b90000, 0x33236358, 0x33236400, 0x33790000)
    ro space 10240K,  41% used [0x36b90000, 0x36fc1a78, 0x36fc1c00, 0x37590000)
    rw space 12288K,  52% used [0x37590000, 0x37bd62c0, 0x37bd6400, 0x38190000)
Event: 78081.895 GC heap after
Heap after GC invocations=1451 (full 1262):
 def new generation   total 27712K, used 1946K [0x22b90000, 0x249a0000, 0x280e0000)
  eden space 24640K,   0% used [0x22b90000, 0x22b90000, 0x243a0000)
  from space 3072K,  63% used [0x243a0000, 0x24586970, 0x246a0000)
  to   space 3072K,   0% used [0x246a0000, 0x246a0000, 0x249a0000)
 tenured generation   total 61472K, used 22786K [0x280e0000, 0x2bce8000, 0x32b90000)
   the space 61472K,  37% used [0x280e0000, 0x29720a28, 0x29720c00, 0x2bce8000)
 compacting perm gen  total 12288K, used 6808K [0x32b90000, 0x33790000, 0x36b90000)
   the space 12288K,  55% used [0x32b90000, 0x33236358, 0x33236400, 0x33790000)
    ro space 10240K,  41% used [0x36b90000, 0x36fc1a78, 0x36fc1c00, 0x37590000)
    rw space 12288K,  52% used [0x37590000, 0x37bd62c0, 0x37bd6400, 0x38190000)
}
Event: 78082.077 GC heap before
{Heap before GC invocations=1451 (full 1262):
 def new generation   total 27712K, used 26586K [0x22b90000, 0x249a0000, 0x280e0000)
  eden space 24640K, 100% used [0x22b90000, 0x243a0000, 0x243a0000)
  from space 3072K,  63% used [0x243a0000, 0x24586970, 0x246a0000)
  to   space 3072K,   0% used [0x246a0000, 0x246a0000, 0x249a0000)
 tenured generation   total 61472K, used 22786K [0x280e0000, 0x2bce8000, 0x32b90000)
   the space 61472K,  37% used [0x280e0000, 0x29720a28, 0x29720c00, 0x2bce8000)
 compacting perm gen  total 12288K, used 6808K [0x32b90000, 0x33790000, 0x36b90000)
   the space 12288K,  55% used [0x32b90000, 0x33236358, 0x33236400, 0x33790000)
    ro space 10240K,  41% used [0x36b90000, 0x36fc1a78, 0x36fc1c00, 0x37590000)
    rw space 12288K,  52% used [0x37590000, 0x37bd62c0, 0x37bd6400, 0x38190000)
Event: 78082.102 GC heap after
Heap after GC invocations=1452 (full 1262):
 def new generation   total 27712K, used 1983K [0x22b90000, 0x249a0000, 0x280e0000)
  eden space 24640K,   0% used [0x22b90000, 0x22b90000, 0x243a0000)
  from space 3072K,  64% used [0x246a0000, 0x2488fee0, 0x249a0000)
  to   space 3072K,   0% used [0x243a0000, 0x243a0000, 0x246a0000)
 tenured generation   total 61472K, used 24731K [0x280e0000, 0x2bce8000, 0x32b90000)
   the space 61472K,  40% used [0x280e0000, 0x29906ee0, 0x29907000, 0x2bce8000)
 compacting perm gen  total 12288K, used 6808K [0x32b90000, 0x33790000, 0x36b90000)
   the space 12288K,  55% used [0x32b90000, 0x33236358, 0x33236400, 0x33790000)
    ro space 10240K,  41% used [0x36b90000, 0x36fc1a78, 0x36fc1c00, 0x37590000)
    rw space 12288K,  52% used [0x37590000, 0x37bd62c0, 0x37bd6400, 0x38190000)
}
Event: 78098.979 GC heap before
{Heap before GC invocations=1452 (full 1262):
 def new generation   total 27712K, used 26623K [0x22b90000, 0x249a0000, 0x280e0000)
  eden space 24640K, 100% used [0x22b90000, 0x243a0000, 0x243a0000)
  from space 3072K,  64% used [0x246a0000, 0x2488fee0, 0x249a0000)
  to   space 3072K,   0% used [0x243a0000, 0x243a0000, 0x246a0000)
 tenured generation   total 61472K, used 24731K [0x280e0000, 0x2bce8000, 0x32b90000)
   the space 61472K,  40% used [0x280e0000, 0x29906ee0, 0x29907000, 0x2bce8000)
 compacting perm gen  total 12288K, used 6811K [0x32b90000, 0x33790000, 0x36b90000)
   the space 12288K,  55% used [0x32b90000, 0x33236fe0, 0x33237000, 0x33790000)
    ro space 10240K,  41% used [0x36b90000, 0x36fc1a78, 0x36fc1c00, 0x37590000)
    rw space 12288K,  52% used [0x37590000, 0x37bd62c0, 0x37bd6400, 0x38190000)
Event: 78099.018 GC heap after
Heap after GC invocations=1453 (full 1262):
 def new generation   total 27712K, used 3071K [0x22b90000, 0x249a0000, 0x280e0000)
  eden space 24640K,   0% used [0x22b90000, 0x22b90000, 0x243a0000)
  from space 3072K,  99% used [0x243a0000, 0x2469fff8, 0x246a0000)
  to   space 3072K,   0% used [0x246a0000, 0x246a0000, 0x249a0000)
 tenured generation   total 61472K, used 27480K [0x280e0000, 0x2bce8000, 0x32b90000)
   the space 61472K,  44% used [0x280e0000, 0x29bb6240, 0x29bb6400, 0x2bce8000)
 compacting perm gen  total 12288K, used 6811K [0x32b90000, 0x33790000, 0x36b90000)
   the space 12288K,  55% used [0x32b90000, 0x33236fe0, 0x33237000, 0x33790000)
    ro space 10240K,  41% used [0x36b90000, 0x36fc1a78, 0x36fc1c00, 0x37590000)
    rw space 12288K,  52% used [0x37590000, 0x37bd62c0, 0x37bd6400, 0x38190000)
}
Event: 78099.665 GC heap before
{Heap before GC invocations=1453 (full 1262):
 def new generation   total 27712K, used 5072K [0x22b90000, 0x249a0000, 0x280e0000)
  eden space 24640K,   8% used [0x22b90000, 0x22d84268, 0x243a0000)
  from space 3072K,  99% used [0x243a0000, 0x2469fff8, 0x246a0000)
  to   space 3072K,   0% used [0x246a0000, 0x246a0000, 0x249a0000)
 tenured generation   total 61472K, used 27480K [0x280e0000, 0x2bce8000, 0x32b90000)
   the space 61472K,  44% used [0x280e0000, 0x29bb6240, 0x29bb6400, 0x2bce8000)
 compacting perm gen  total 12288K, used 6811K [0x32b90000, 0x33790000, 0x36b90000)
   the space 12288K,  55% used [0x32b90000, 0x33236fe0, 0x33237000, 0x33790000)
    ro space 10240K,  41% used [0x36b90000, 0x36fc1a78, 0x36fc1c00, 0x37590000)
    rw space 12288K,  52% used [0x37590000, 0x37bd62c0, 0x37bd6400, 0x38190000)
Event: 78099.836 GC heap after
Heap after GC invocations=1454 (full 1263):
 def new generation   total 27712K, used 0K [0x22b90000, 0x249a0000, 0x280e0000)
  eden space 24640K,   0% used [0x22b90000, 0x22b90000, 0x243a0000)
  from space 3072K,   0% used [0x243a0000, 0x243a0000, 0x246a0000)
  to   space 3072K,   0% used [0x246a0000, 0x246a0000, 0x249a0000)
 tenured generation   total 61472K, used 29983K [0x280e0000, 0x2bce8000, 0x32b90000)
   the space 61472K,  48% used [0x280e0000, 0x29e27c08, 0x29e27e00, 0x2bce8000)
 compacting perm gen  total 12288K, used 6811K [0x32b90000, 0x33790000, 0x36b90000)
   the space 12288K,  55% used [0x32b90000, 0x33236fe0, 0x33237000, 0x33790000)
    ro space 10240K,  41% used [0x36b90000, 0x36fc1a78, 0x36fc1c00, 0x37590000)
    rw space 12288K,  52% used [0x37590000, 0x37bd62c0, 0x37bd6400, 0x38190000)
}

