# JRE version: Java(TM) SE Runtime Environment (7.0_45-b18) (build 1.7.0_45-b18)
# Java VM: Java HotSpot(TM) Client VM (24.45-b08 mixed mode, sharing windows-x86 )
Heap
 def new generation   total 36032K, used 13327K [0x22b90000, 0x252a0000, 0x280e0000)
  eden space 32064K,  41% used [0x22b90000, 0x23893f10, 0x24ae0000)
  from space 3968K,   0% used [0x24ec0000, 0x24ec0000, 0x252a0000)
  to   space 3968K,   0% used [0x24ae0000, 0x24ae0000, 0x24ec0000)
 tenured generation   total 79892K, used 26091K [0x280e0000, 0x2cee5000, 0x32b90000)
   the space 79892K,  32% used [0x280e0000, 0x29a5aed8, 0x29a5b000, 0x2cee5000)
 compacting perm gen  total 12288K, used 6862K [0x32b90000, 0x33790000, 0x36b90000)
   the space 12288K,  55% used [0x32b90000, 0x332438d0, 0x33243a00, 0x33790000)
    ro space 10240K,  41% used [0x36b90000, 0x36fc1a78, 0x36fc1c00, 0x37590000)
    rw space 12288K,  52% used [0x37590000, 0x37bd62c0, 0x37bd6400, 0x38190000)
GC Heap History (10 events):
Event: 76856.260 GC heap before
{Heap before GC invocations=1382 (full 1261):
 def new generation   total 36032K, used 25048K [0x22b90000, 0x252a0000, 0x280e0000)
  eden space 32064K,  78% used [0x22b90000, 0x24406030, 0x24ae0000)
  from space 3968K,   0% used [0x24ec0000, 0x24ec0000, 0x252a0000)
  to   space 3968K,   0% used [0x24ae0000, 0x24ae0000, 0x24ec0000)
 tenured generation   total 79892K, used 25060K [0x280e0000, 0x2cee5000, 0x32b90000)
   the space 79892K,  31% used [0x280e0000, 0x29959098, 0x29959200, 0x2cee5000)
 compacting perm gen  total 12288K, used 6817K [0x32b90000, 0x33790000, 0x36b90000)
   the space 12288K,  55% used [0x32b90000, 0x332387c8, 0x33238800, 0x33790000)
    ro space 10240K,  41% used [0x36b90000, 0x36fc1a78, 0x36fc1c00, 0x37590000)
    rw space 12288K,  52% used [0x37590000, 0x37bd62c0, 0x37bd6400, 0x38190000)
Event: 76856.271 GC heap after
Heap after GC invocations=1383 (full 1261):
 def new generation   total 36032K, used 3K [0x22b90000, 0x252a0000, 0x280e0000)
  eden space 32064K,   0% used [0x22b90000, 0x22b90000, 0x24ae0000)
  from space 3968K,   0% used [0x24ae0000, 0x24ae0ca0, 0x24ec0000)
  to   space 3968K,   0% used [0x24ec0000, 0x24ec0000, 0x252a0000)
 tenured generation   total 79892K, used 34060K [0x280e0000, 0x2cee5000, 0x32b90000)
   the space 79892K,  42% used [0x280e0000, 0x2a2230a8, 0x2a223200, 0x2cee5000)
 compacting perm gen  total 12288K, used 6817K [0x32b90000, 0x33790000, 0x36b90000)
   the space 12288K,  55% used [0x32b90000, 0x332387c8, 0x33238800, 0x33790000)
    ro space 10240K,  41% used [0x36b90000, 0x36fc1a78, 0x36fc1c00, 0x37590000)
    rw space 12288K,  52% used [0x37590000, 0x37bd62c0, 0x37bd6400, 0x38190000)
}
Event: 76861.590 GC heap before
{Heap before GC invocations=1383 (full 1261):
 def new generation   total 36032K, used 23606K [0x22b90000, 0x252a0000, 0x280e0000)
  eden space 32064K,  73% used [0x22b90000, 0x2429ce78, 0x24ae0000)
  from space 3968K,   0% used [0x24ae0000, 0x24ae0ca0, 0x24ec0000)
  to   space 3968K,   0% used [0x24ec0000, 0x24ec0000, 0x252a0000)
 tenured generation   total 79892K, used 34060K [0x280e0000, 0x2cee5000, 0x32b90000)
   the space 79892K,  42% used [0x280e0000, 0x2a2230a8, 0x2a223200, 0x2cee5000)
 compacting perm gen  total 12288K, used 6817K [0x32b90000, 0x33790000, 0x36b90000)
   the space 12288K,  55% used [0x32b90000, 0x332387e8, 0x33238800, 0x33790000)
    ro space 10240K,  41% used [0x36b90000, 0x36fc1a78, 0x36fc1c00, 0x37590000)
    rw space 12288K,  52% used [0x37590000, 0x37bd62c0, 0x37bd6400, 0x38190000)
Event: 76861.607 GC heap after
Heap after GC invocations=1384 (full 1261):
 def new generation   total 36032K, used 3901K [0x22b90000, 0x252a0000, 0x280e0000)
  eden space 32064K,   0% used [0x22b90000, 0x22b90000, 0x24ae0000)
  from space 3968K,  98% used [0x24ec0000, 0x2528f700, 0x252a0000)
  to   space 3968K,   0% used [0x24ae0000, 0x24ae0000, 0x24ec0000)
 tenured generation   total 79892K, used 43663K [0x280e0000, 0x2cee5000, 0x32b90000)
   the space 79892K,  54% used [0x280e0000, 0x2ab83c20, 0x2ab83e00, 0x2cee5000)
 compacting perm gen  total 12288K, used 6817K [0x32b90000, 0x33790000, 0x36b90000)
   the space 12288K,  55% used [0x32b90000, 0x332387e8, 0x33238800, 0x33790000)
    ro space 10240K,  41% used [0x36b90000, 0x36fc1a78, 0x36fc1c00, 0x37590000)
    rw space 12288K,  52% used [0x37590000, 0x37bd62c0, 0x37bd6400, 0x38190000)
}
Event: 76904.152 GC heap before
{Heap before GC invocations=1384 (full 1261):
 def new generation   total 36032K, used 35965K [0x22b90000, 0x252a0000, 0x280e0000)
  eden space 32064K, 100% used [0x22b90000, 0x24ae0000, 0x24ae0000)
  from space 3968K,  98% used [0x24ec0000, 0x2528f700, 0x252a0000)
  to   space 3968K,   0% used [0x24ae0000, 0x24ae0000, 0x24ec0000)
 tenured generation   total 79892K, used 43663K [0x280e0000, 0x2cee5000, 0x32b90000)
   the space 79892K,  54% used [0x280e0000, 0x2ab83c20, 0x2ab83e00, 0x2cee5000)
 compacting perm gen  total 12288K, used 6862K [0x32b90000, 0x33790000, 0x36b90000)
   the space 12288K,  55% used [0x32b90000, 0x332438d0, 0x33243a00, 0x33790000)
    ro space 10240K,  41% used [0x36b90000, 0x36fc1a78, 0x36fc1c00, 0x37590000)
    rw space 12288K,  52% used [0x37590000, 0x37bd62c0, 0x37bd6400, 0x38190000)
Event: 76904.161 GC heap after
Heap after GC invocations=1385 (full 1261):
 def new generation   total 36032K, used 3968K [0x22b90000, 0x252a0000, 0x280e0000)
  eden space 32064K,   0% used [0x22b90000, 0x22b90000, 0x24ae0000)
  from space 3968K, 100% used [0x24ae0000, 0x24ec0000, 0x24ec0000)
  to   space 3968K,   0% used [0x24ec0000, 0x24ec0000, 0x252a0000)
 tenured generation   total 79892K, used 44682K [0x280e0000, 0x2cee5000, 0x32b90000)
   the space 79892K,  55% used [0x280e0000, 0x2ac828a8, 0x2ac82a00, 0x2cee5000)
 compacting perm gen  total 12288K, used 6862K [0x32b90000, 0x33790000, 0x36b90000)
   the space 12288K,  55% used [0x32b90000, 0x332438d0, 0x33243a00, 0x33790000)
    ro space 10240K,  41% used [0x36b90000, 0x36fc1a78, 0x36fc1c00, 0x37590000)
    rw space 12288K,  52% used [0x37590000, 0x37bd62c0, 0x37bd6400, 0x38190000)
}
Event: 76910.179 GC heap before
{Heap before GC invocations=1385 (full 1261):
 def new generation   total 36032K, used 4481K [0x22b90000, 0x252a0000, 0x280e0000)
  eden space 32064K,   1% used [0x22b90000, 0x22c10610, 0x24ae0000)
  from space 3968K, 100% used [0x24ae0000, 0x24ec0000, 0x24ec0000)
  to   space 3968K,   0% used [0x24ec0000, 0x24ec0000, 0x252a0000)
 tenured generation   total 79892K, used 44682K [0x280e0000, 0x2cee5000, 0x32b90000)
   the space 79892K,  55% used [0x280e0000, 0x2ac828a8, 0x2ac82a00, 0x2cee5000)
 compacting perm gen  total 12288K, used 6862K [0x32b90000, 0x33790000, 0x36b90000)
   the space 12288K,  55% used [0x32b90000, 0x332438d0, 0x33243a00, 0x33790000)
    ro space 10240K,  41% used [0x36b90000, 0x36fc1a78, 0x36fc1c00, 0x37590000)
    rw space 12288K,  52% used [0x37590000, 0x37bd62c0, 0x37bd6400, 0x38190000)
Event: 76910.186 GC heap after
Heap after GC invocations=1386 (full 1261):
 def new generation   total 36032K, used 2K [0x22b90000, 0x252a0000, 0x280e0000)
  eden space 32064K,   0% used [0x22b90000, 0x22b90000, 0x24ae0000)
  from space 3968K,   0% used [0x24ec0000, 0x24ec09d8, 0x252a0000)
  to   space 3968K,   0% used [0x24ae0000, 0x24ae0000, 0x24ec0000)
 tenured generation   total 79892K, used 48648K [0x280e0000, 0x2cee5000, 0x32b90000)
   the space 79892K,  60% used [0x280e0000, 0x2b062008, 0x2b062200, 0x2cee5000)
 compacting perm gen  total 12288K, used 6862K [0x32b90000, 0x33790000, 0x36b90000)
   the space 12288K,  55% used [0x32b90000, 0x332438d0, 0x33243a00, 0x33790000)
    ro space 10240K,  41% used [0x36b90000, 0x36fc1a78, 0x36fc1c00, 0x37590000)
    rw space 12288K,  52% used [0x37590000, 0x37bd62c0, 0x37bd6400, 0x38190000)
}
Event: 76910.188 GC heap before
{Heap before GC invocations=1386 (full 1261):
 def new generation   total 36032K, used 235K [0x22b90000, 0x252a0000, 0x280e0000)
  eden space 32064K,   0% used [0x22b90000, 0x22bca3c8, 0x24ae0000)
  from space 3968K,   0% used [0x24ec0000, 0x24ec09d8, 0x252a0000)
  to   space 3968K,   0% used [0x24ae0000, 0x24ae0000, 0x24ec0000)
 tenured generation   total 79892K, used 48648K [0x280e0000, 0x2cee5000, 0x32b90000)
   the space 79892K,  60% used [0x280e0000, 0x2b062008, 0x2b062200, 0x2cee5000)
 compacting perm gen  total 12288K, used 6862K [0x32b90000, 0x33790000, 0x36b90000)
   the space 12288K,  55% used [0x32b90000, 0x332438d0, 0x33243a00, 0x33790000)
    ro space 10240K,  41% used [0x36b90000, 0x36fc1a78, 0x36fc1c00, 0x37590000)
    rw space 12288K,  52% used [0x37590000, 0x37bd62c0, 0x37bd6400, 0x38190000)
Event: 76910.347 GC heap after
Heap after GC invocations=1387 (full 1262):
 def new generation   total 36032K, used 0K [0x22b90000, 0x252a0000, 0x280e0000)
  eden space 32064K,   0% used [0x22b90000, 0x22b90000, 0x24ae0000)
  from space 3968K,   0% used [0x24ec0000, 0x24ec0000, 0x252a0000)
  to   space 3968K,   0% used [0x24ae0000, 0x24ae0000, 0x24ec0000)
 tenured generation   total 79892K, used 26091K [0x280e0000, 0x2cee5000, 0x32b90000)
   the space 79892K,  32% used [0x280e0000, 0x29a5aed8, 0x29a5b000, 0x2cee5000)
 compacting perm gen  total 12288K, used 6862K [0x32b90000, 0x33790000, 0x36b90000)
   the space 12288K,  55% used [0x32b90000, 0x332438d0, 0x33243a00, 0x33790000)
    ro space 10240K,  41% used [0x36b90000, 0x36fc1a78, 0x36fc1c00, 0x37590000)
    rw space 12288K,  52% used [0x37590000, 0x37bd62c0, 0x37bd6400, 0x38190000)
}

